[0331/153838.725:ERROR:process_reader_win.cc(123)] NtOpenThread: {Access Denied} A process has requested access to an object, but has not been granted those access rights. (0xc0000022)
[0331/153838.727:ERROR:exception_snapshot_win.cc(98)] thread ID 19528 not found in process
[0331/153838.747:ERROR:process_reader_win.cc(123)] NtOpenThread: {Access Denied} A process has requested access to an object, but has not been granted those access rights. (0xc0000022)
[0331/153838.747:ERROR:exception_snapshot_win.cc(98)] thread ID 21732 not found in process
[0331/194138.963:ERROR:process_reader_win.cc(123)] NtOpenThread: {Access Denied} A process has requested access to an object, but has not been granted those access rights. (0xc0000022)
[0331/194138.964:ERROR:process_reader_win.cc(123)] NtOpenThread: {Access Denied} A process has requested access to an object, but has not been granted those access rights. (0xc0000022)
[0331/194138.965:ERROR:exception_snapshot_win.cc(98)] thread ID 17608 not found in process
[0331/194138.965:ERROR:exception_snapshot_win.cc(98)] thread ID 568 not found in process
[0331/195536.698:ERROR:process_reader_win.cc(123)] NtOpenThread: {Access Denied} A process has requested access to an object, but has not been granted those access rights. (0xc0000022)
[0331/195536.699:ERROR:exception_snapshot_win.cc(98)] thread ID 8836 not found in process
[0331/195536.713:ERROR:process_reader_win.cc(123)] NtOpenThread: {Access Denied} A process has requested access to an object, but has not been granted those access rights. (0xc0000022)
[0331/195536.713:ERROR:exception_snapshot_win.cc(98)] thread ID 24288 not found in process
[0331/200215.880:ERROR:process_reader_win.cc(123)] NtOpenThread: {Access Denied} A process has requested access to an object, but has not been granted those access rights. (0xc0000022)
[0331/200215.881:ERROR:exception_snapshot_win.cc(98)] thread ID 23528 not found in process
[0331/200215.890:ERROR:process_reader_win.cc(123)] NtOpenThread: {Access Denied} A process has requested access to an object, but has not been granted those access rights. (0xc0000022)
[0331/200215.891:ERROR:exception_snapshot_win.cc(98)] thread ID 22648 not found in process
[0331/200440.953:ERROR:process_reader_win.cc(151)] SuspendThread: Access is denied. (0x5)
[0331/200440.954:ERROR:process_reader_win.cc(123)] NtOpenThread: {Access Denied} A process has requested access to an object, but has not been granted those access rights. (0xc0000022)
[0331/200440.954:ERROR:exception_snapshot_win.cc(98)] thread ID 22644 not found in process
[0331/200440.971:ERROR:process_reader_win.cc(123)] NtOpenThread: {Access Denied} A process has requested access to an object, but has not been granted those access rights. (0xc0000022)
[0331/200440.971:ERROR:exception_snapshot_win.cc(98)] thread ID 3148 not found in process
[0331/200703.151:ERROR:process_reader_win.cc(123)] NtOpenThread: {Access Denied} A process has requested access to an object, but has not been granted those access rights. (0xc0000022)
[0331/200703.152:ERROR:exception_snapshot_win.cc(98)] thread ID 23448 not found in process
[0331/200703.156:ERROR:process_reader_win.cc(123)] NtOpenThread: {Access Denied} A process has requested access to an object, but has not been granted those access rights. (0xc0000022)
[0331/200703.157:ERROR:exception_snapshot_win.cc(98)] thread ID 8048 not found in process
[0331/200703.176:ERROR:process_reader_win.cc(123)] NtOpenThread: {Access Denied} A process has requested access to an object, but has not been granted those access rights. (0xc0000022)
[0331/200703.176:ERROR:exception_snapshot_win.cc(98)] thread ID 20936 not found in process
[0401/151409.906:ERROR:process_reader_win.cc(123)] NtOpenThread: {Access Denied} A process has requested access to an object, but has not been granted those access rights. (0xc0000022)
[0401/151409.907:ERROR:exception_snapshot_win.cc(98)] thread ID 15032 not found in process
[0401/151409.910:ERROR:process_reader_win.cc(123)] NtOpenThread: {Access Denied} A process has requested access to an object, but has not been granted those access rights. (0xc0000022)
[0401/151409.910:ERROR:exception_snapshot_win.cc(98)] thread ID 18016 not found in process
[0401/151409.939:ERROR:process_reader_win.cc(151)] SuspendThread: Access is denied. (0x5)
[0401/151409.939:ERROR:process_reader_win.cc(151)] SuspendThread: Access is denied. (0x5)
[0401/151409.939:ERROR:process_reader_win.cc(123)] NtOpenThread: {Access Denied} A process has requested access to an object, but has not been granted those access rights. (0xc0000022)
[0401/151409.939:ERROR:exception_snapshot_win.cc(98)] thread ID 17844 not found in process
[0401/154504.443:ERROR:process_reader_win.cc(123)] NtOpenThread: {Access Denied} A process has requested access to an object, but has not been granted those access rights. (0xc0000022)
[0401/154504.445:ERROR:exception_snapshot_win.cc(98)] thread ID 14012 not found in process
[0401/154504.446:ERROR:process_reader_win.cc(123)] NtOpenThread: {Access Denied} A process has requested access to an object, but has not been granted those access rights. (0xc0000022)
[0401/154504.447:ERROR:exception_snapshot_win.cc(98)] thread ID 17260 not found in process
[0401/163708.491:ERROR:process_reader_win.cc(151)] SuspendThread: Access is denied. (0x5)
[0401/163708.492:ERROR:process_reader_win.cc(151)] SuspendThread: Access is denied. (0x5)
[0401/163708.491:ERROR:process_reader_win.cc(151)] SuspendThread: Access is denied. (0x5)
[0401/163708.493:ERROR:process_reader_win.cc(151)] SuspendThread: Access is denied. (0x5)
[0401/163708.493:ERROR:process_reader_win.cc(151)] SuspendThread: Access is denied. (0x5)
[0401/163708.493:ERROR:process_reader_win.cc(151)] SuspendThread: Access is denied. (0x5)
[0401/163708.493:ERROR:process_reader_win.cc(151)] SuspendThread: Access is denied. (0x5)
[0401/163708.492:ERROR:process_reader_win.cc(123)] NtOpenThread: {Access Denied} A process has requested access to an object, but has not been granted those access rights. (0xc0000022)
[0401/163708.493:ERROR:exception_snapshot_win.cc(98)] thread ID 13548 not found in process
[0401/163708.493:ERROR:process_reader_win.cc(123)] NtOpenThread: {Access Denied} A process has requested access to an object, but has not been granted those access rights. (0xc0000022)
[0401/163708.493:ERROR:exception_snapshot_win.cc(98)] thread ID 15172 not found in process
[0401/163708.494:ERROR:process_reader_win.cc(151)] SuspendThread: Access is denied. (0x5)
[0401/163708.494:ERROR:process_reader_win.cc(151)] SuspendThread: Access is denied. (0x5)
[0401/163708.494:ERROR:process_reader_win.cc(151)] SuspendThread: Access is denied. (0x5)
[0401/163708.494:ERROR:process_reader_win.cc(151)] SuspendThread: Access is denied. (0x5)
[0401/163708.494:ERROR:process_reader_win.cc(123)] NtOpenThread: {Access Denied} A process has requested access to an object, but has not been granted those access rights. (0xc0000022)
[0401/163708.494:ERROR:exception_snapshot_win.cc(98)] thread ID 19164 not found in process
[0401/163708.494:ERROR:process_reader_win.cc(151)] SuspendThread: Access is denied. (0x5)
[0401/163708.495:ERROR:process_reader_win.cc(151)] SuspendThread: Access is denied. (0x5)
[0401/163708.495:ERROR:process_reader_win.cc(151)] SuspendThread: Access is denied. (0x5)
[0401/163708.495:ERROR:process_reader_win.cc(151)] SuspendThread: Access is denied. (0x5)
[0401/163708.495:ERROR:process_reader_win.cc(123)] NtOpenThread: {Access Denied} A process has requested access to an object, but has not been granted those access rights. (0xc0000022)
[0401/163708.495:ERROR:exception_snapshot_win.cc(98)] thread ID 16456 not found in process
[0401/163708.502:ERROR:process_reader_win.cc(123)] NtOpenThread: {Access Denied} A process has requested access to an object, but has not been granted those access rights. (0xc0000022)
[0401/163708.502:ERROR:exception_snapshot_win.cc(98)] thread ID 8316 not found in process
[0401/170715.646:ERROR:process_reader_win.cc(151)] SuspendThread: Access is denied. (0x5)
[0401/170715.938:ERROR:process_reader_win.cc(151)] SuspendThread: Access is denied. (0x5)
[0401/170715.938:ERROR:process_reader_win.cc(151)] SuspendThread: Access is denied. (0x5)
[0401/170715.711:ERROR:process_reader_win.cc(151)] SuspendThread: Access is denied. (0x5)
[0401/170715.719:ERROR:process_reader_win.cc(151)] SuspendThread: Access is denied. (0x5)
[0401/170715.925:ERROR:process_reader_win.cc(151)] SuspendThread: Access is denied. (0x5)
[0401/170715.938:ERROR:process_reader_win.cc(151)] SuspendThread: Access is denied. (0x5)
[0401/170715.938:ERROR:process_reader_win.cc(151)] SuspendThread: Access is denied. (0x5)
[0401/170715.938:ERROR:process_reader_win.cc(151)] SuspendThread: Access is denied. (0x5)
[0401/170715.938:ERROR:process_reader_win.cc(151)] SuspendThread: Access is denied. (0x5)
[0401/170715.938:ERROR:process_reader_win.cc(151)] SuspendThread: Access is denied. (0x5)
[0401/170715.938:ERROR:process_reader_win.cc(151)] SuspendThread: Access is denied. (0x5)
[0401/170715.938:ERROR:process_reader_win.cc(151)] SuspendThread: Access is denied. (0x5)
[0401/170715.938:ERROR:process_reader_win.cc(151)] SuspendThread: Access is denied. (0x5)
[0401/170715.938:ERROR:process_reader_win.cc(151)] SuspendThread: Access is denied. (0x5)
[0401/170715.938:ERROR:process_reader_win.cc(151)] SuspendThread: Access is denied. (0x5)
[0401/170715.938:ERROR:process_reader_win.cc(151)] SuspendThread: Access is denied. (0x5)
[0401/170715.938:ERROR:process_reader_win.cc(151)] SuspendThread: Access is denied. (0x5)
[0401/170715.938:ERROR:process_reader_win.cc(151)] SuspendThread: Access is denied. (0x5)
[0401/170715.938:ERROR:process_reader_win.cc(123)] NtOpenThread: {Access Denied} A process has requested access to an object, but has not been granted those access rights. (0xc0000022)
[0401/170715.938:ERROR:process_reader_win.cc(123)] NtOpenThread: {Access Denied} A process has requested access to an object, but has not been granted those access rights. (0xc0000022)
[0401/170715.938:ERROR:process_reader_win.cc(151)] SuspendThread: Access is denied. (0x5)
[0401/170715.938:ERROR:process_reader_win.cc(151)] SuspendThread: Access is denied. (0x5)
[0401/170715.938:ERROR:process_reader_win.cc(151)] SuspendThread: Access is denied. (0x5)
[0401/170715.938:ERROR:process_reader_win.cc(123)] NtOpenThread: An invalid Client ID was specified. (0xc000000b)
[0401/170715.938:ERROR:exception_snapshot_win.cc(98)] thread ID 27380 not found in process
[0401/170715.938:ERROR:process_reader_win.cc(151)] SuspendThread: Access is denied. (0x5)
[0401/170715.938:ERROR:exception_snapshot_win.cc(98)] thread ID 26752 not found in process
[0401/170715.938:ERROR:process_reader_win.cc(151)] SuspendThread: Access is denied. (0x5)
[0401/170715.938:ERROR:process_reader_win.cc(151)] SuspendThread: Access is denied. (0x5)
[0401/170715.938:ERROR:process_reader_win.cc(151)] SuspendThread: Access is denied. (0x5)
[0401/170715.938:ERROR:process_reader_win.cc(151)] SuspendThread: Access is denied. (0x5)
[0401/170715.938:ERROR:process_reader_win.cc(151)] SuspendThread: Access is denied. (0x5)
[0401/170715.822:ERROR:process_reader_win.cc(151)] SuspendThread: Access is denied. (0x5)
[0401/170715.938:ERROR:process_reader_win.cc(151)] SuspendThread: Access is denied. (0x5)
[0401/170715.732:ERROR:process_reader_win.cc(151)] SuspendThread: Access is denied. (0x5)
[0401/170715.938:ERROR:process_reader_win.cc(151)] SuspendThread: Access is denied. (0x5)
[0401/170715.646:ERROR:process_reader_win.cc(151)] SuspendThread: Access is denied. (0x5)
[0401/170715.938:ERROR:process_reader_win.cc(151)] SuspendThread: Access is denied. (0x5)
[0401/170715.938:ERROR:process_reader_win.cc(151)] SuspendThread: Access is denied. (0x5)
[0401/170715.938:ERROR:process_reader_win.cc(151)] SuspendThread: Access is denied. (0x5)
[0401/170715.938:ERROR:process_reader_win.cc(151)] SuspendThread: Access is denied. (0x5)
[0401/170715.938:ERROR:process_reader_win.cc(151)] SuspendThread: Access is denied. (0x5)
[0401/170715.938:ERROR:process_reader_win.cc(151)] SuspendThread: Access is denied. (0x5)
[0401/170715.938:ERROR:process_reader_win.cc(151)] SuspendThread: Access is denied. (0x5)
[0401/170715.938:ERROR:process_reader_win.cc(123)] NtOpenThread: {Access Denied} A process has requested access to an object, but has not been granted those access rights. (0xc0000022)
[0401/170715.938:ERROR:process_reader_win.cc(151)] SuspendThread: Access is denied. (0x5)
[0401/170715.938:ERROR:process_reader_win.cc(151)] SuspendThread: Access is denied. (0x5)
[0401/170715.938:ERROR:exception_snapshot_win.cc(98)] thread ID 27340 not found in process
[0401/170715.938:ERROR:process_reader_win.cc(151)] SuspendThread: Access is denied. (0x5)
[0401/170715.938:ERROR:process_reader_win.cc(151)] SuspendThread: Access is denied. (0x5)
[0401/170715.938:ERROR:process_reader_win.cc(151)] SuspendThread: Access is denied. (0x5)
[0401/170715.938:ERROR:process_reader_win.cc(123)] NtOpenThread: {Access Denied} A process has requested access to an object, but has not been granted those access rights. (0xc0000022)
[0401/170715.938:ERROR:process_reader_win.cc(151)] SuspendThread: Access is denied. (0x5)
[0401/170715.938:ERROR:exception_snapshot_win.cc(98)] thread ID 27364 not found in process
[0401/170715.938:ERROR:process_reader_win.cc(151)] SuspendThread: Access is denied. (0x5)
[0401/170715.884:ERROR:process_reader_win.cc(151)] SuspendThread: Access is denied. (0x5)
[0401/170715.938:ERROR:process_reader_win.cc(151)] SuspendThread: Access is denied. (0x5)
[0401/170715.938:ERROR:process_reader_win.cc(151)] SuspendThread: Access is denied. (0x5)
[0401/170715.938:ERROR:process_reader_win.cc(151)] SuspendThread: Access is denied. (0x5)
[0401/170715.938:ERROR:process_reader_win.cc(151)] SuspendThread: Access is denied. (0x5)
[0401/170715.938:ERROR:process_reader_win.cc(123)] NtOpenThread: {Access Denied} A process has requested access to an object, but has not been granted those access rights. (0xc0000022)
[0401/170715.938:ERROR:process_reader_win.cc(151)] SuspendThread: Access is denied. (0x5)
[0401/170715.938:ERROR:process_reader_win.cc(151)] SuspendThread: Access is denied. (0x5)
[0401/170715.938:ERROR:exception_snapshot_win.cc(98)] thread ID 27052 not found in process
[0401/170715.938:ERROR:process_reader_win.cc(151)] SuspendThread: Access is denied. (0x5)
[0401/170715.938:ERROR:process_reader_win.cc(123)] NtOpenThread: {Access Denied} A process has requested access to an object, but has not been granted those access rights. (0xc0000022)
[0401/170715.900:ERROR:process_reader_win.cc(151)] SuspendThread: Access is denied. (0x5)
[0401/170715.938:ERROR:process_reader_win.cc(151)] SuspendThread: Access is denied. (0x5)
[0401/170715.938:ERROR:process_reader_win.cc(151)] SuspendThread: Access is denied. (0x5)
[0401/170715.938:ERROR:process_reader_win.cc(151)] SuspendThread: Access is denied. (0x5)
[0401/170715.938:ERROR:process_reader_win.cc(151)] SuspendThread: Access is denied. (0x5)
[0401/170715.938:ERROR:process_reader_win.cc(151)] SuspendThread: Access is denied. (0x5)
[0401/170715.938:ERROR:process_reader_win.cc(151)] SuspendThread: Access is denied. (0x5)
[0401/170715.938:ERROR:exception_snapshot_win.cc(98)] thread ID 27404 not found in process
[0401/170715.835:ERROR:process_reader_win.cc(151)] SuspendThread: Access is denied. (0x5)
[0401/170715.938:ERROR:process_reader_win.cc(151)] SuspendThread: Access is denied. (0x5)
[0401/170715.938:ERROR:process_reader_win.cc(151)] SuspendThread: Access is denied. (0x5)
[0401/170715.939:ERROR:process_reader_win.cc(151)] SuspendThread: Access is denied. (0x5)
[0401/170715.938:ERROR:process_reader_win.cc(151)] SuspendThread: Access is denied. (0x5)
[0401/170715.939:ERROR:process_reader_win.cc(151)] SuspendThread: Access is denied. (0x5)
[0401/170715.939:ERROR:process_reader_win.cc(151)] SuspendThread: Access is denied. (0x5)
[0401/170715.939:ERROR:process_reader_win.cc(151)] SuspendThread: Access is denied. (0x5)
[0401/170715.939:ERROR:process_reader_win.cc(151)] SuspendThread: Access is denied. (0x5)
[0401/170715.939:ERROR:process_reader_win.cc(151)] SuspendThread: Access is denied. (0x5)
[0401/170715.939:ERROR:process_reader_win.cc(151)] SuspendThread: Access is denied. (0x5)
[0401/170715.939:ERROR:process_reader_win.cc(151)] SuspendThread: Access is denied. (0x5)
[0401/170715.939:ERROR:process_reader_win.cc(151)] SuspendThread: Access is denied. (0x5)
[0401/170715.939:ERROR:process_reader_win.cc(123)] NtOpenThread: {Access Denied} A process has requested access to an object, but has not been granted those access rights. (0xc0000022)
[0401/170715.939:ERROR:process_reader_win.cc(151)] SuspendThread: Access is denied. (0x5)
[0401/170715.939:ERROR:exception_snapshot_win.cc(98)] thread ID 27580 not found in process
[0401/170715.938:ERROR:process_reader_win.cc(151)] SuspendThread: Access is denied. (0x5)
[0401/170715.939:ERROR:process_reader_win.cc(123)] NtOpenThread: An invalid Client ID was specified. (0xc000000b)
[0401/170715.939:ERROR:process_reader_win.cc(151)] SuspendThread: Access is denied. (0x5)
[0401/170715.939:ERROR:process_reader_win.cc(151)] SuspendThread: Access is denied. (0x5)
[0401/170715.938:ERROR:process_reader_win.cc(123)] NtOpenThread: {Access Denied} A process has requested access to an object, but has not been granted those access rights. (0xc0000022)
[0401/170715.939:ERROR:process_reader_win.cc(151)] SuspendThread: Access is denied. (0x5)
[0401/170715.939:ERROR:exception_snapshot_win.cc(98)] thread ID 27236 not found in process
[0401/170715.939:ERROR:process_reader_win.cc(151)] SuspendThread: Access is denied. (0x5)
[0401/170715.939:ERROR:process_reader_win.cc(151)] SuspendThread: Access is denied. (0x5)
[0401/170715.939:ERROR:process_reader_win.cc(151)] SuspendThread: Access is denied. (0x5)
[0401/170715.939:ERROR:process_reader_win.cc(151)] SuspendThread: Access is denied. (0x5)
[0401/170715.939:ERROR:process_reader_win.cc(151)] SuspendThread: Access is denied. (0x5)
[0401/170715.939:ERROR:process_reader_win.cc(151)] SuspendThread: Access is denied. (0x5)
[0401/170715.939:ERROR:process_reader_win.cc(151)] SuspendThread: Access is denied. (0x5)
[0401/170715.939:ERROR:process_reader_win.cc(151)] SuspendThread: Access is denied. (0x5)
[0401/170715.939:ERROR:process_reader_win.cc(151)] SuspendThread: Access is denied. (0x5)
[0401/170715.939:ERROR:process_reader_win.cc(151)] SuspendThread: Access is denied. (0x5)
[0401/170715.939:ERROR:process_reader_win.cc(123)] NtOpenThread: An invalid Client ID was specified. (0xc000000b)
[0401/170715.939:ERROR:process_reader_win.cc(151)] SuspendThread: Access is denied. (0x5)
[0401/170715.939:ERROR:process_reader_win.cc(151)] SuspendThread: Access is denied. (0x5)
[0401/170715.886:ERROR:process_reader_win.cc(151)] SuspendThread: Access is denied. (0x5)
[0401/170715.939:ERROR:process_reader_win.cc(151)] SuspendThread: Access is denied. (0x5)
[0401/170715.939:ERROR:process_reader_win.cc(151)] SuspendThread: Access is denied. (0x5)
[0401/170715.939:ERROR:process_reader_win.cc(151)] SuspendThread: Access is denied. (0x5)
[0401/170715.939:ERROR:process_reader_win.cc(151)] SuspendThread: Access is denied. (0x5)
[0401/170715.939:ERROR:process_reader_win.cc(151)] SuspendThread: Access is denied. (0x5)
[0401/170715.939:ERROR:process_reader_win.cc(151)] SuspendThread: Access is denied. (0x5)
[0401/170715.939:ERROR:process_reader_win.cc(151)] SuspendThread: Access is denied. (0x5)
[0401/170715.939:ERROR:process_reader_win.cc(151)] SuspendThread: Access is denied. (0x5)
[0401/170715.939:ERROR:process_reader_win.cc(151)] SuspendThread: Access is denied. (0x5)
[0401/170715.939:ERROR:process_reader_win.cc(151)] SuspendThread: Access is denied. (0x5)
[0401/170715.939:ERROR:process_reader_win.cc(151)] SuspendThread: Access is denied. (0x5)
[0401/170715.939:ERROR:process_reader_win.cc(151)] SuspendThread: Access is denied. (0x5)
[0401/170715.939:ERROR:process_reader_win.cc(151)] SuspendThread: Access is denied. (0x5)
[0401/170715.939:ERROR:process_reader_win.cc(151)] SuspendThread: Access is denied. (0x5)
[0401/170715.939:ERROR:process_reader_win.cc(151)] SuspendThread: Access is denied. (0x5)
[0401/170715.939:ERROR:process_reader_win.cc(151)] SuspendThread: Access is denied. (0x5)
[0401/170715.939:ERROR:process_reader_win.cc(151)] SuspendThread: Access is denied. (0x5)
[0401/170715.939:ERROR:process_reader_win.cc(151)] SuspendThread: Access is denied. (0x5)
[0401/170715.939:ERROR:process_reader_win.cc(151)] SuspendThread: Access is denied. (0x5)
[0401/170715.939:ERROR:process_reader_win.cc(151)] SuspendThread: Access is denied. (0x5)
[0401/170715.939:ERROR:process_reader_win.cc(151)] SuspendThread: Access is denied. (0x5)
[0401/170715.939:ERROR:process_reader_win.cc(151)] SuspendThread: Access is denied. (0x5)
[0401/170715.815:ERROR:process_reader_win.cc(151)] SuspendThread: Access is denied. (0x5)
[0401/170715.939:ERROR:process_reader_win.cc(151)] SuspendThread: Access is denied. (0x5)
[0401/170715.939:ERROR:process_reader_win.cc(151)] SuspendThread: Access is denied. (0x5)
[0401/170715.939:ERROR:process_reader_win.cc(151)] SuspendThread: Access is denied. (0x5)
[0401/170715.939:ERROR:process_reader_win.cc(151)] SuspendThread: Access is denied. (0x5)
[0401/170715.939:ERROR:process_reader_win.cc(151)] SuspendThread: Access is denied. (0x5)
[0401/170715.939:ERROR:process_reader_win.cc(151)] SuspendThread: Access is denied. (0x5)
[0401/170715.939:ERROR:process_reader_win.cc(151)] SuspendThread: Access is denied. (0x5)
[0401/170715.939:ERROR:process_reader_win.cc(151)] SuspendThread: Access is denied. (0x5)
[0401/170715.939:ERROR:process_reader_win.cc(151)] SuspendThread: Access is denied. (0x5)
[0401/170715.939:ERROR:process_reader_win.cc(151)] SuspendThread: Access is denied. (0x5)
[0401/170715.939:ERROR:process_reader_win.cc(151)] SuspendThread: Access is denied. (0x5)
[0401/170715.939:ERROR:process_reader_win.cc(123)] NtOpenThread: {Access Denied} A process has requested access to an object, but has not been granted those access rights. (0xc0000022)
[0401/170715.939:ERROR:process_reader_win.cc(151)] SuspendThread: Access is denied. (0x5)
[0401/170715.939:ERROR:exception_snapshot_win.cc(98)] thread ID 27268 not found in process
[0401/170715.939:ERROR:process_reader_win.cc(151)] SuspendThread: Access is denied. (0x5)
[0401/170715.939:ERROR:process_reader_win.cc(151)] SuspendThread: Access is denied. (0x5)
[0401/170715.939:ERROR:process_reader_win.cc(151)] SuspendThread: Access is denied. (0x5)
[0401/170715.939:ERROR:process_reader_win.cc(151)] SuspendThread: Access is denied. (0x5)
[0401/170715.939:ERROR:process_reader_win.cc(151)] SuspendThread: Access is denied. (0x5)
[0401/170715.939:ERROR:process_reader_win.cc(151)] SuspendThread: Access is denied. (0x5)
[0401/170715.939:ERROR:process_reader_win.cc(123)] NtOpenThread: An invalid Client ID was specified. (0xc000000b)
[0401/170715.939:ERROR:process_reader_win.cc(151)] SuspendThread: Access is denied. (0x5)
[0401/170715.939:ERROR:process_reader_win.cc(151)] SuspendThread: Access is denied. (0x5)
[0401/170715.939:ERROR:process_reader_win.cc(151)] SuspendThread: Access is denied. (0x5)
[0401/170715.939:ERROR:process_reader_win.cc(151)] SuspendThread: Access is denied. (0x5)
[0401/170715.939:ERROR:process_reader_win.cc(151)] SuspendThread: Access is denied. (0x5)
[0401/170715.939:ERROR:process_reader_win.cc(151)] SuspendThread: Access is denied. (0x5)
[0401/170715.939:ERROR:process_reader_win.cc(151)] SuspendThread: Access is denied. (0x5)
[0401/170715.939:ERROR:process_reader_win.cc(123)] NtOpenThread: {Access Denied} A process has requested access to an object, but has not been granted those access rights. (0xc0000022)
[0401/170715.939:ERROR:process_reader_win.cc(151)] SuspendThread: Access is denied. (0x5)
[0401/170715.939:ERROR:exception_snapshot_win.cc(98)] thread ID 27232 not found in process
[0401/170715.939:ERROR:process_reader_win.cc(151)] SuspendThread: Access is denied. (0x5)
[0401/170715.939:ERROR:process_reader_win.cc(151)] SuspendThread: Access is denied. (0x5)
[0401/170715.939:ERROR:process_reader_win.cc(151)] SuspendThread: Access is denied. (0x5)
[0401/170715.939:ERROR:process_reader_win.cc(151)] SuspendThread: Access is denied. (0x5)
[0401/170715.940:ERROR:process_reader_win.cc(151)] SuspendThread: Access is denied. (0x5)
[0401/170715.940:ERROR:process_reader_win.cc(151)] SuspendThread: Access is denied. (0x5)
[0401/170715.940:ERROR:process_reader_win.cc(151)] SuspendThread: Access is denied. (0x5)
[0401/170715.940:ERROR:process_reader_win.cc(151)] SuspendThread: Access is denied. (0x5)
[0401/170715.940:ERROR:process_reader_win.cc(151)] SuspendThread: Access is denied. (0x5)
[0401/170715.940:ERROR:process_reader_win.cc(151)] SuspendThread: Access is denied. (0x5)
[0401/170715.940:ERROR:process_reader_win.cc(123)] NtOpenThread: {Access Denied} A process has requested access to an object, but has not been granted those access rights. (0xc0000022)
[0401/170715.940:ERROR:exception_snapshot_win.cc(98)] thread ID 15160 not found in process
[0401/170715.940:ERROR:process_reader_win.cc(151)] SuspendThread: Access is denied. (0x5)
[0401/170715.805:ERROR:process_reader_win.cc(151)] SuspendThread: Access is denied. (0x5)
[0401/170715.940:ERROR:process_reader_win.cc(151)] SuspendThread: Access is denied. (0x5)
[0401/170715.940:ERROR:process_reader_win.cc(151)] SuspendThread: Access is denied. (0x5)
[0401/170715.940:ERROR:process_reader_win.cc(151)] SuspendThread: Access is denied. (0x5)
[0401/170715.940:ERROR:process_reader_win.cc(151)] SuspendThread: Access is denied. (0x5)
[0401/170715.940:ERROR:process_reader_win.cc(151)] SuspendThread: Access is denied. (0x5)
[0401/170715.940:ERROR:process_reader_win.cc(151)] SuspendThread: Access is denied. (0x5)
[0401/170715.940:ERROR:process_reader_win.cc(151)] SuspendThread: Access is denied. (0x5)
[0401/170715.940:ERROR:process_reader_win.cc(151)] SuspendThread: Access is denied. (0x5)
[0401/170715.940:ERROR:process_reader_win.cc(151)] SuspendThread: Access is denied. (0x5)
[0401/170715.940:ERROR:process_reader_win.cc(151)] SuspendThread: Access is denied. (0x5)
[0401/170715.940:ERROR:process_reader_win.cc(123)] NtOpenThread: {Access Denied} A process has requested access to an object, but has not been granted those access rights. (0xc0000022)
[0401/170715.940:ERROR:exception_snapshot_win.cc(98)] thread ID 27228 not found in process
[0401/170715.940:ERROR:process_reader_win.cc(151)] SuspendThread: Access is denied. (0x5)
[0401/170715.940:ERROR:process_reader_win.cc(151)] SuspendThread: Access is denied. (0x5)
[0401/170715.940:ERROR:process_reader_win.cc(151)] SuspendThread: Access is denied. (0x5)
[0401/170715.940:ERROR:process_reader_win.cc(151)] SuspendThread: Access is denied. (0x5)
[0401/170715.940:ERROR:process_reader_win.cc(151)] SuspendThread: Access is denied. (0x5)
[0401/170715.940:ERROR:process_reader_win.cc(151)] SuspendThread: Access is denied. (0x5)
[0401/170715.940:ERROR:process_reader_win.cc(151)] SuspendThread: Access is denied. (0x5)
[0401/170715.940:ERROR:process_reader_win.cc(151)] SuspendThread: Access is denied. (0x5)
[0401/170715.940:ERROR:process_reader_win.cc(123)] NtOpenThread: {Access Denied} A process has requested access to an object, but has not been granted those access rights. (0xc0000022)
[0401/170715.940:ERROR:exception_snapshot_win.cc(98)] thread ID 19340 not found in process
[0401/170715.718:ERROR:process_reader_win.cc(151)] SuspendThread: Access is denied. (0x5)
[0401/170715.735:ERROR:process_reader_win.cc(151)] SuspendThread: Access is denied. (0x5)
[0401/170715.940:ERROR:process_reader_win.cc(151)] SuspendThread: Access is denied. (0x5)
[0401/170715.940:ERROR:process_reader_win.cc(151)] SuspendThread: Access is denied. (0x5)
[0401/170715.940:ERROR:process_reader_win.cc(151)] SuspendThread: Access is denied. (0x5)
[0401/170715.940:ERROR:process_reader_win.cc(151)] SuspendThread: Access is denied. (0x5)
[0401/170715.941:ERROR:process_reader_win.cc(151)] SuspendThread: Access is denied. (0x5)
[0401/170715.941:ERROR:process_reader_win.cc(123)] NtOpenThread: {Access Denied} A process has requested access to an object, but has not been granted those access rights. (0xc0000022)
[0401/170715.941:ERROR:exception_snapshot_win.cc(98)] thread ID 27428 not found in process
[0401/170715.940:ERROR:process_reader_win.cc(151)] SuspendThread: Access is denied. (0x5)
[0401/170715.703:ERROR:process_reader_win.cc(151)] SuspendThread: Access is denied. (0x5)
[0401/170715.942:ERROR:process_reader_win.cc(123)] NtOpenThread: {Access Denied} A process has requested access to an object, but has not been granted those access rights. (0xc0000022)
[0401/170715.942:ERROR:process_reader_win.cc(151)] SuspendThread: Access is denied. (0x5)
[0401/170715.942:ERROR:process_reader_win.cc(151)] SuspendThread: Access is denied. (0x5)
[0401/170715.942:ERROR:process_reader_win.cc(151)] SuspendThread: Access is denied. (0x5)
[0401/170715.942:ERROR:process_reader_win.cc(151)] SuspendThread: Access is denied. (0x5)
[0401/170715.942:ERROR:process_reader_win.cc(151)] SuspendThread: Access is denied. (0x5)
[0401/170715.942:ERROR:exception_snapshot_win.cc(98)] thread ID 27352 not found in process
[0401/170715.942:ERROR:process_reader_win.cc(151)] SuspendThread: Access is denied. (0x5)
[0401/170715.942:ERROR:process_reader_win.cc(123)] NtOpenThread: An invalid Client ID was specified. (0xc000000b)
[0401/170715.942:ERROR:process_reader_win.cc(151)] SuspendThread: Access is denied. (0x5)
[0401/170715.942:ERROR:process_reader_win.cc(151)] SuspendThread: Access is denied. (0x5)
[0401/170715.942:ERROR:process_reader_win.cc(151)] SuspendThread: Access is denied. (0x5)
[0401/170715.942:ERROR:process_reader_win.cc(151)] SuspendThread: Access is denied. (0x5)
[0401/170715.942:ERROR:process_reader_win.cc(151)] SuspendThread: Access is denied. (0x5)
[0401/170715.942:ERROR:process_reader_win.cc(151)] SuspendThread: Access is denied. (0x5)
[0401/170715.942:ERROR:process_reader_win.cc(151)] SuspendThread: Access is denied. (0x5)
[0401/170715.942:ERROR:process_reader_win.cc(151)] SuspendThread: Access is denied. (0x5)
[0401/170715.942:ERROR:process_reader_win.cc(151)] SuspendThread: Access is denied. (0x5)
[0401/170715.942:ERROR:process_reader_win.cc(151)] SuspendThread: Access is denied. (0x5)
[0401/170715.942:ERROR:process_reader_win.cc(151)] SuspendThread: Access is denied. (0x5)
[0401/170715.942:ERROR:process_reader_win.cc(151)] SuspendThread: Access is denied. (0x5)
[0401/170715.942:ERROR:process_reader_win.cc(151)] SuspendThread: Access is denied. (0x5)
[0401/170715.942:ERROR:process_reader_win.cc(151)] SuspendThread: Access is denied. (0x5)
[0401/170715.942:ERROR:process_reader_win.cc(151)] SuspendThread: Access is denied. (0x5)
[0401/170715.942:ERROR:process_reader_win.cc(151)] SuspendThread: Access is denied. (0x5)
[0401/170715.942:ERROR:process_reader_win.cc(151)] SuspendThread: Access is denied. (0x5)
[0401/170715.942:ERROR:process_reader_win.cc(151)] SuspendThread: Access is denied. (0x5)
[0401/170715.942:ERROR:process_reader_win.cc(151)] SuspendThread: Access is denied. (0x5)
[0401/170715.942:ERROR:process_reader_win.cc(151)] SuspendThread: Access is denied. (0x5)
[0401/170715.942:ERROR:process_reader_win.cc(151)] SuspendThread: Access is denied. (0x5)
[0401/170715.942:ERROR:process_reader_win.cc(151)] SuspendThread: Access is denied. (0x5)
[0401/170715.942:ERROR:process_reader_win.cc(151)] SuspendThread: Access is denied. (0x5)
[0401/170715.942:ERROR:process_reader_win.cc(151)] SuspendThread: Access is denied. (0x5)
[0401/170715.943:ERROR:process_reader_win.cc(151)] SuspendThread: Access is denied. (0x5)
[0401/170715.943:ERROR:process_reader_win.cc(151)] SuspendThread: Access is denied. (0x5)
[0401/170715.943:ERROR:process_reader_win.cc(151)] SuspendThread: Access is denied. (0x5)
[0401/170715.937:ERROR:process_reader_win.cc(151)] SuspendThread: Access is denied. (0x5)
[0401/170715.943:ERROR:process_reader_win.cc(151)] SuspendThread: Access is denied. (0x5)
[0401/170715.943:ERROR:process_reader_win.cc(151)] SuspendThread: Access is denied. (0x5)
[0401/170715.943:ERROR:process_reader_win.cc(151)] SuspendThread: Access is denied. (0x5)
[0401/170715.696:ERROR:process_reader_win.cc(151)] SuspendThread: Access is denied. (0x5)
[0401/170715.943:ERROR:process_reader_win.cc(151)] SuspendThread: Access is denied. (0x5)
[0401/170715.943:ERROR:process_reader_win.cc(123)] NtOpenThread: {Access Denied} A process has requested access to an object, but has not been granted those access rights. (0xc0000022)
[0401/170715.943:ERROR:exception_snapshot_win.cc(98)] thread ID 27556 not found in process
[0401/170715.699:ERROR:process_reader_win.cc(151)] SuspendThread: Access is denied. (0x5)
[0401/170715.943:ERROR:process_reader_win.cc(151)] SuspendThread: Access is denied. (0x5)
[0401/170715.943:ERROR:process_reader_win.cc(151)] SuspendThread: Access is denied. (0x5)
[0401/170715.943:ERROR:process_reader_win.cc(151)] SuspendThread: Access is denied. (0x5)
[0401/170715.943:ERROR:process_reader_win.cc(151)] SuspendThread: Access is denied. (0x5)
[0401/170715.943:ERROR:process_reader_win.cc(151)] SuspendThread: Access is denied. (0x5)
[0401/170715.943:ERROR:process_reader_win.cc(151)] SuspendThread: Access is denied. (0x5)
[0401/170715.943:ERROR:process_reader_win.cc(123)] NtOpenThread: {Access Denied} A process has requested access to an object, but has not been granted those access rights. (0xc0000022)
[0401/170715.943:ERROR:process_reader_win.cc(151)] SuspendThread: Access is denied. (0x5)
[0401/170715.943:ERROR:exception_snapshot_win.cc(98)] thread ID 27344 not found in process
[0401/170715.943:ERROR:process_reader_win.cc(151)] SuspendThread: Access is denied. (0x5)
[0401/170715.943:ERROR:process_reader_win.cc(151)] SuspendThread: Access is denied. (0x5)
[0401/170715.943:ERROR:process_reader_win.cc(151)] SuspendThread: Access is denied. (0x5)
[0401/170715.943:ERROR:process_reader_win.cc(151)] SuspendThread: Access is denied. (0x5)
[0401/170715.943:ERROR:process_reader_win.cc(151)] SuspendThread: Access is denied. (0x5)
[0401/170715.943:ERROR:process_reader_win.cc(151)] SuspendThread: Access is denied. (0x5)
[0401/170715.943:ERROR:process_reader_win.cc(151)] SuspendThread: Access is denied. (0x5)
[0401/170715.943:ERROR:process_reader_win.cc(123)] NtOpenThread: An invalid Client ID was specified. (0xc000000b)
[0401/170715.943:ERROR:process_reader_win.cc(151)] SuspendThread: Access is denied. (0x5)
[0401/170715.943:ERROR:process_reader_win.cc(151)] SuspendThread: Access is denied. (0x5)
[0401/170715.943:ERROR:process_reader_win.cc(151)] SuspendThread: Access is denied. (0x5)
[0401/170715.943:ERROR:process_reader_win.cc(151)] SuspendThread: Access is denied. (0x5)
[0401/170715.943:ERROR:process_reader_win.cc(151)] SuspendThread: Access is denied. (0x5)
[0401/170715.943:ERROR:process_reader_win.cc(151)] SuspendThread: Access is denied. (0x5)
[0401/170715.943:ERROR:process_reader_win.cc(151)] SuspendThread: Access is denied. (0x5)
[0401/170715.943:ERROR:process_reader_win.cc(123)] NtOpenThread: An invalid Client ID was specified. (0xc000000b)
[0401/170715.943:ERROR:process_reader_win.cc(151)] SuspendThread: Access is denied. (0x5)
[0401/170715.943:ERROR:process_reader_win.cc(151)] SuspendThread: Access is denied. (0x5)
[0401/170715.943:ERROR:process_reader_win.cc(151)] SuspendThread: Access is denied. (0x5)
[0401/170715.688:ERROR:process_reader_win.cc(151)] SuspendThread: Access is denied. (0x5)
[0401/170715.943:ERROR:process_reader_win.cc(151)] SuspendThread: Access is denied. (0x5)
[0401/170715.943:ERROR:process_reader_win.cc(151)] SuspendThread: Access is denied. (0x5)
[0401/170715.943:ERROR:process_reader_win.cc(151)] SuspendThread: Access is denied. (0x5)
[0401/170715.943:ERROR:process_reader_win.cc(151)] SuspendThread: Access is denied. (0x5)
[0401/170715.943:ERROR:process_reader_win.cc(151)] SuspendThread: Access is denied. (0x5)
[0401/170715.943:ERROR:process_reader_win.cc(151)] SuspendThread: Access is denied. (0x5)
[0401/170715.943:ERROR:process_reader_win.cc(151)] SuspendThread: Access is denied. (0x5)
[0401/170715.943:ERROR:process_reader_win.cc(151)] SuspendThread: Access is denied. (0x5)
[0401/170715.943:ERROR:process_reader_win.cc(151)] SuspendThread: Access is denied. (0x5)
[0401/170715.943:ERROR:process_reader_win.cc(151)] SuspendThread: Access is denied. (0x5)
[0401/170715.943:ERROR:process_reader_win.cc(151)] SuspendThread: Access is denied. (0x5)
[0401/170715.943:ERROR:process_reader_win.cc(151)] SuspendThread: Access is denied. (0x5)
[0401/170715.943:ERROR:process_reader_win.cc(151)] SuspendThread: Access is denied. (0x5)
[0401/170715.943:ERROR:process_reader_win.cc(151)] SuspendThread: Access is denied. (0x5)
[0401/170715.943:ERROR:process_reader_win.cc(151)] SuspendThread: Access is denied. (0x5)
[0401/170715.943:ERROR:process_reader_win.cc(151)] SuspendThread: Access is denied. (0x5)
[0401/170715.675:ERROR:process_reader_win.cc(151)] SuspendThread: Access is denied. (0x5)
[0401/170715.943:ERROR:process_reader_win.cc(151)] SuspendThread: Access is denied. (0x5)
[0401/170715.656:ERROR:process_reader_win.cc(151)] SuspendThread: Access is denied. (0x5)
[0401/170715.943:ERROR:process_reader_win.cc(151)] SuspendThread: Access is denied. (0x5)
[0401/170715.943:ERROR:process_reader_win.cc(151)] SuspendThread: Access is denied. (0x5)
[0401/170715.943:ERROR:process_reader_win.cc(151)] SuspendThread: Access is denied. (0x5)
[0401/170715.943:ERROR:process_reader_win.cc(151)] SuspendThread: Access is denied. (0x5)
[0401/170715.943:ERROR:process_reader_win.cc(151)] SuspendThread: Access is denied. (0x5)
[0401/170715.943:ERROR:process_reader_win.cc(151)] SuspendThread: Access is denied. (0x5)
[0401/170715.943:ERROR:process_reader_win.cc(151)] SuspendThread: Access is denied. (0x5)
[0401/170715.943:ERROR:process_reader_win.cc(151)] SuspendThread: Access is denied. (0x5)
[0401/170715.943:ERROR:process_reader_win.cc(151)] SuspendThread: Access is denied. (0x5)
[0401/170715.943:ERROR:process_reader_win.cc(151)] SuspendThread: Access is denied. (0x5)
[0401/170715.943:ERROR:process_reader_win.cc(151)] SuspendThread: Access is denied. (0x5)
[0401/170715.943:ERROR:process_reader_win.cc(151)] SuspendThread: Access is denied. (0x5)
[0401/170715.943:ERROR:process_reader_win.cc(151)] SuspendThread: Access is denied. (0x5)
[0401/170715.943:ERROR:process_reader_win.cc(151)] SuspendThread: Access is denied. (0x5)
[0401/170715.943:ERROR:process_reader_win.cc(151)] SuspendThread: Access is denied. (0x5)
[0401/170715.943:ERROR:process_reader_win.cc(151)] SuspendThread: Access is denied. (0x5)
[0401/170715.943:ERROR:process_reader_win.cc(151)] SuspendThread: Access is denied. (0x5)
[0401/170715.943:ERROR:process_reader_win.cc(151)] SuspendThread: Access is denied. (0x5)
[0401/170715.943:ERROR:process_reader_win.cc(151)] SuspendThread: Access is denied. (0x5)
[0401/170715.943:ERROR:process_reader_win.cc(151)] SuspendThread: Access is denied. (0x5)
[0401/170715.943:ERROR:process_reader_win.cc(151)] SuspendThread: Access is denied. (0x5)
[0401/170715.943:ERROR:process_reader_win.cc(151)] SuspendThread: Access is denied. (0x5)
[0401/170715.943:ERROR:process_reader_win.cc(151)] SuspendThread: Access is denied. (0x5)
[0401/170715.943:ERROR:process_reader_win.cc(151)] SuspendThread: Access is denied. (0x5)
[0401/170715.943:ERROR:process_reader_win.cc(123)] NtOpenThread: {Access Denied} A process has requested access to an object, but has not been granted those access rights. (0xc0000022)
[0401/170715.943:ERROR:process_reader_win.cc(151)] SuspendThread: Access is denied. (0x5)
[0401/170715.943:ERROR:process_reader_win.cc(151)] SuspendThread: Access is denied. (0x5)
[0401/170715.943:ERROR:process_reader_win.cc(151)] SuspendThread: Access is denied. (0x5)
[0401/170715.943:ERROR:exception_snapshot_win.cc(98)] thread ID 27436 not found in process
[0401/170715.943:ERROR:process_reader_win.cc(151)] SuspendThread: Access is denied. (0x5)
[0401/170715.943:ERROR:process_reader_win.cc(151)] SuspendThread: Access is denied. (0x5)
[0401/170715.943:ERROR:process_reader_win.cc(123)] NtOpenThread: {Access Denied} A process has requested access to an object, but has not been granted those access rights. (0xc0000022)
[0401/170715.943:ERROR:process_reader_win.cc(151)] SuspendThread: Access is denied. (0x5)
[0401/170715.943:ERROR:exception_snapshot_win.cc(98)] thread ID 27508 not found in process
[0401/170715.943:ERROR:process_reader_win.cc(151)] SuspendThread: Access is denied. (0x5)
[0401/170715.943:ERROR:process_reader_win.cc(151)] SuspendThread: Access is denied. (0x5)
[0401/170715.943:ERROR:process_reader_win.cc(151)] SuspendThread: Access is denied. (0x5)
[0401/170715.943:ERROR:process_reader_win.cc(151)] SuspendThread: Access is denied. (0x5)
[0401/170715.943:ERROR:process_reader_win.cc(151)] SuspendThread: Access is denied. (0x5)
[0401/170715.943:ERROR:process_reader_win.cc(151)] SuspendThread: Access is denied. (0x5)
[0401/170715.943:ERROR:process_reader_win.cc(151)] SuspendThread: Access is denied. (0x5)
[0401/170715.943:ERROR:process_reader_win.cc(151)] SuspendThread: Access is denied. (0x5)
[0401/170715.943:ERROR:process_reader_win.cc(151)] SuspendThread: Access is denied. (0x5)
[0401/170715.943:ERROR:process_reader_win.cc(151)] SuspendThread: Access is denied. (0x5)
[0401/170715.943:ERROR:process_reader_win.cc(151)] SuspendThread: Access is denied. (0x5)
[0401/170715.943:ERROR:process_reader_win.cc(151)] SuspendThread: Access is denied. (0x5)
[0401/170715.943:ERROR:process_reader_win.cc(151)] SuspendThread: Access is denied. (0x5)
[0401/170715.943:ERROR:process_reader_win.cc(151)] SuspendThread: Access is denied. (0x5)
[0401/170715.943:ERROR:process_reader_win.cc(151)] SuspendThread: Access is denied. (0x5)
[0401/170715.943:ERROR:process_reader_win.cc(151)] SuspendThread: Access is denied. (0x5)
[0401/170715.943:ERROR:process_reader_win.cc(151)] SuspendThread: Access is denied. (0x5)
[0401/170715.943:ERROR:process_reader_win.cc(151)] SuspendThread: Access is denied. (0x5)
[0401/170715.943:ERROR:process_reader_win.cc(151)] SuspendThread: Access is denied. (0x5)
[0401/170715.944:ERROR:process_reader_win.cc(151)] SuspendThread: Access is denied. (0x5)
[0401/170715.944:ERROR:process_reader_win.cc(151)] SuspendThread: Access is denied. (0x5)
[0401/170715.943:ERROR:process_reader_win.cc(151)] SuspendThread: Access is denied. (0x5)
[0401/170715.944:ERROR:process_reader_win.cc(151)] SuspendThread: Access is denied. (0x5)
[0401/170715.944:ERROR:process_reader_win.cc(151)] SuspendThread: Access is denied. (0x5)
[0401/170715.944:ERROR:process_reader_win.cc(151)] SuspendThread: Access is denied. (0x5)
[0401/170715.944:ERROR:process_reader_win.cc(151)] SuspendThread: Access is denied. (0x5)
[0401/170715.944:ERROR:process_reader_win.cc(151)] SuspendThread: Access is denied. (0x5)
[0401/170715.944:ERROR:process_reader_win.cc(151)] SuspendThread: Access is denied. (0x5)
[0401/170715.944:ERROR:process_reader_win.cc(123)] NtOpenThread: {Access Denied} A process has requested access to an object, but has not been granted those access rights. (0xc0000022)
[0401/170715.944:ERROR:process_reader_win.cc(151)] SuspendThread: Access is denied. (0x5)
[0401/170715.944:ERROR:exception_snapshot_win.cc(98)] thread ID 27528 not found in process
[0401/170715.944:ERROR:process_reader_win.cc(151)] SuspendThread: Access is denied. (0x5)
[0401/170715.944:ERROR:process_reader_win.cc(123)] NtOpenThread: {Access Denied} A process has requested access to an object, but has not been granted those access rights. (0xc0000022)
[0401/170715.944:ERROR:exception_snapshot_win.cc(98)] thread ID 27540 not found in process
[0401/170715.944:ERROR:process_reader_win.cc(151)] SuspendThread: Access is denied. (0x5)
[0401/170715.944:ERROR:process_reader_win.cc(151)] SuspendThread: Access is denied. (0x5)
[0401/170715.944:ERROR:process_reader_win.cc(151)] SuspendThread: Access is denied. (0x5)
[0401/170715.944:ERROR:process_reader_win.cc(151)] SuspendThread: Access is denied. (0x5)
[0401/170715.944:ERROR:process_reader_win.cc(151)] SuspendThread: Access is denied. (0x5)
[0401/170715.944:ERROR:process_reader_win.cc(123)] NtOpenThread: {Access Denied} A process has requested access to an object, but has not been granted those access rights. (0xc0000022)
[0401/170715.944:ERROR:exception_snapshot_win.cc(98)] thread ID 27384 not found in process
[0401/170715.664:ERROR:process_reader_win.cc(151)] SuspendThread: Access is denied. (0x5)
[0401/170715.944:ERROR:process_reader_win.cc(151)] SuspendThread: Access is denied. (0x5)
[0401/170715.944:ERROR:process_reader_win.cc(151)] SuspendThread: Access is denied. (0x5)
[0401/170715.944:ERROR:process_reader_win.cc(151)] SuspendThread: Access is denied. (0x5)
[0401/170715.741:ERROR:process_reader_win.cc(151)] SuspendThread: Access is denied. (0x5)
[0401/170715.944:ERROR:process_reader_win.cc(151)] SuspendThread: Access is denied. (0x5)
[0401/170715.944:ERROR:process_reader_win.cc(151)] SuspendThread: Access is denied. (0x5)
[0401/170715.944:ERROR:process_reader_win.cc(151)] SuspendThread: Access is denied. (0x5)
[0401/170715.944:ERROR:process_reader_win.cc(151)] SuspendThread: Access is denied. (0x5)
[0401/170715.944:ERROR:process_reader_win.cc(123)] NtOpenThread: {Access Denied} A process has requested access to an object, but has not been granted those access rights. (0xc0000022)
[0401/170715.944:ERROR:process_reader_win.cc(123)] NtOpenThread: {Access Denied} A process has requested access to an object, but has not been granted those access rights. (0xc0000022)
[0401/170715.944:ERROR:exception_snapshot_win.cc(98)] thread ID 27396 not found in process
[0401/170715.944:ERROR:exception_snapshot_win.cc(98)] thread ID 27444 not found in process
[0401/170715.944:ERROR:process_reader_win.cc(151)] SuspendThread: Access is denied. (0x5)
[0401/170715.945:ERROR:process_reader_win.cc(151)] SuspendThread: Access is denied. (0x5)
[0401/170715.945:ERROR:process_reader_win.cc(123)] NtOpenThread: {Access Denied} A process has requested access to an object, but has not been granted those access rights. (0xc0000022)
[0401/170715.945:ERROR:exception_snapshot_win.cc(98)] thread ID 27288 not found in process
[0401/180539.469:ERROR:process_reader_win.cc(151)] SuspendThread: Access is denied. (0x5)
[0401/180539.472:ERROR:process_reader_win.cc(151)] SuspendThread: Access is denied. (0x5)
[0401/180539.472:ERROR:process_reader_win.cc(151)] SuspendThread: Access is denied. (0x5)
[0401/180539.472:ERROR:process_reader_win.cc(151)] SuspendThread: Access is denied. (0x5)
[0401/180539.472:ERROR:process_reader_win.cc(151)] SuspendThread: Access is denied. (0x5)
[0401/180539.472:ERROR:process_reader_win.cc(151)] SuspendThread: Access is denied. (0x5)
[0401/180539.472:ERROR:process_reader_win.cc(151)] SuspendThread: Access is denied. (0x5)
[0401/180539.472:ERROR:process_reader_win.cc(151)] SuspendThread: Access is denied. (0x5)
[0401/180539.472:ERROR:process_reader_win.cc(151)] SuspendThread: Access is denied. (0x5)
[0401/180539.472:ERROR:process_reader_win.cc(151)] SuspendThread: Access is denied. (0x5)
[0401/180539.472:ERROR:process_reader_win.cc(151)] SuspendThread: Access is denied. (0x5)
[0401/180539.472:ERROR:process_reader_win.cc(151)] SuspendThread: Access is denied. (0x5)
[0401/180539.472:ERROR:process_reader_win.cc(151)] SuspendThread: Access is denied. (0x5)
[0401/180539.473:ERROR:process_reader_win.cc(151)] SuspendThread: Access is denied. (0x5)
[0401/180539.473:ERROR:process_reader_win.cc(151)] SuspendThread: Access is denied. (0x5)
[0401/180539.473:ERROR:process_reader_win.cc(151)] SuspendThread: Access is denied. (0x5)
[0401/180539.473:ERROR:process_reader_win.cc(151)] SuspendThread: Access is denied. (0x5)
[0401/180539.473:ERROR:process_reader_win.cc(151)] SuspendThread: Access is denied. (0x5)
[0401/180539.473:ERROR:process_reader_win.cc(151)] SuspendThread: Access is denied. (0x5)
[0401/180539.473:ERROR:process_reader_win.cc(151)] SuspendThread: Access is denied. (0x5)
[0401/180539.473:ERROR:process_reader_win.cc(151)] SuspendThread: Access is denied. (0x5)
[0401/180539.473:ERROR:process_reader_win.cc(151)] SuspendThread: Access is denied. (0x5)
[0401/180539.473:ERROR:process_reader_win.cc(151)] SuspendThread: Access is denied. (0x5)
[0401/180539.473:ERROR:process_reader_win.cc(151)] SuspendThread: Access is denied. (0x5)
[0401/180539.471:ERROR:process_reader_win.cc(151)] SuspendThread: Access is denied. (0x5)
[0401/180539.473:ERROR:process_reader_win.cc(151)] SuspendThread: Access is denied. (0x5)
[0401/180539.473:ERROR:process_reader_win.cc(151)] SuspendThread: Access is denied. (0x5)
[0401/180539.473:ERROR:process_reader_win.cc(151)] SuspendThread: Access is denied. (0x5)
[0401/180539.473:ERROR:process_reader_win.cc(151)] SuspendThread: Access is denied. (0x5)
[0401/180539.473:ERROR:process_reader_win.cc(151)] SuspendThread: Access is denied. (0x5)
[0401/180539.473:ERROR:process_reader_win.cc(151)] SuspendThread: Access is denied. (0x5)
[0401/180539.473:ERROR:process_reader_win.cc(151)] SuspendThread: Access is denied. (0x5)
[0401/180539.473:ERROR:process_reader_win.cc(151)] SuspendThread: Access is denied. (0x5)
[0401/180539.473:ERROR:process_reader_win.cc(151)] SuspendThread: Access is denied. (0x5)
[0401/180539.472:ERROR:process_reader_win.cc(123)] NtOpenThread: {Access Denied} A process has requested access to an object, but has not been granted those access rights. (0xc0000022)
[0401/180539.473:ERROR:exception_snapshot_win.cc(98)] thread ID 23320 not found in process
[0401/180539.473:ERROR:process_reader_win.cc(123)] NtOpenThread: {Access Denied} A process has requested access to an object, but has not been granted those access rights. (0xc0000022)
[0401/180539.473:ERROR:exception_snapshot_win.cc(98)] thread ID 18016 not found in process
[0401/180539.473:ERROR:process_reader_win.cc(123)] NtOpenThread: {Access Denied} A process has requested access to an object, but has not been granted those access rights. (0xc0000022)
[0401/180539.473:ERROR:exception_snapshot_win.cc(98)] thread ID 18800 not found in process
[0401/180539.480:ERROR:process_reader_win.cc(151)] SuspendThread: Access is denied. (0x5)
[0401/180539.481:ERROR:process_reader_win.cc(151)] SuspendThread: Access is denied. (0x5)
[0401/180539.481:ERROR:process_reader_win.cc(151)] SuspendThread: Access is denied. (0x5)
[0401/180539.481:ERROR:process_reader_win.cc(151)] SuspendThread: Access is denied. (0x5)
[0401/180539.481:ERROR:process_reader_win.cc(151)] SuspendThread: Access is denied. (0x5)
[0401/180539.481:ERROR:process_reader_win.cc(151)] SuspendThread: Access is denied. (0x5)
[0401/180539.481:ERROR:process_reader_win.cc(151)] SuspendThread: Access is denied. (0x5)
[0401/180539.481:ERROR:process_reader_win.cc(151)] SuspendThread: Access is denied. (0x5)
[0401/180539.481:ERROR:process_reader_win.cc(151)] SuspendThread: Access is denied. (0x5)
[0401/180539.481:ERROR:process_reader_win.cc(151)] SuspendThread: Access is denied. (0x5)
[0401/180539.481:ERROR:process_reader_win.cc(151)] SuspendThread: Access is denied. (0x5)
[0401/180539.481:ERROR:process_reader_win.cc(151)] SuspendThread: Access is denied. (0x5)
[0401/180539.481:ERROR:process_reader_win.cc(151)] SuspendThread: Access is denied. (0x5)
[0401/180539.481:ERROR:process_reader_win.cc(151)] SuspendThread: Access is denied. (0x5)
[0401/180539.481:ERROR:process_reader_win.cc(151)] SuspendThread: Access is denied. (0x5)
[0401/180539.481:ERROR:process_reader_win.cc(151)] SuspendThread: Access is denied. (0x5)
[0401/180539.481:ERROR:process_reader_win.cc(151)] SuspendThread: Access is denied. (0x5)
[0401/180539.481:ERROR:process_reader_win.cc(151)] SuspendThread: Access is denied. (0x5)
[0401/180539.481:ERROR:process_reader_win.cc(151)] SuspendThread: Access is denied. (0x5)
[0401/180539.481:ERROR:process_reader_win.cc(151)] SuspendThread: Access is denied. (0x5)
[0401/180539.481:ERROR:process_reader_win.cc(151)] SuspendThread: Access is denied. (0x5)
[0401/180539.481:ERROR:process_reader_win.cc(151)] SuspendThread: Access is denied. (0x5)
[0401/180539.481:ERROR:process_reader_win.cc(151)] SuspendThread: Access is denied. (0x5)
[0401/180539.481:ERROR:process_reader_win.cc(151)] SuspendThread: Access is denied. (0x5)
[0401/180539.481:ERROR:process_reader_win.cc(151)] SuspendThread: Access is denied. (0x5)
[0401/180539.481:ERROR:process_reader_win.cc(151)] SuspendThread: Access is denied. (0x5)
[0401/180539.481:ERROR:process_reader_win.cc(151)] SuspendThread: Access is denied. (0x5)
[0401/180539.482:ERROR:process_reader_win.cc(151)] SuspendThread: Access is denied. (0x5)
[0401/180539.482:ERROR:process_reader_win.cc(123)] NtOpenThread: {Access Denied} A process has requested access to an object, but has not been granted those access rights. (0xc0000022)
[0401/180539.482:ERROR:exception_snapshot_win.cc(98)] thread ID 18768 not found in process
[0401/180539.489:ERROR:process_reader_win.cc(151)] SuspendThread: Access is denied. (0x5)
[0401/180539.489:ERROR:process_reader_win.cc(151)] SuspendThread: Access is denied. (0x5)
[0401/180539.489:ERROR:process_reader_win.cc(151)] SuspendThread: Access is denied. (0x5)
[0401/180539.489:ERROR:process_reader_win.cc(151)] SuspendThread: Access is denied. (0x5)
[0401/180539.490:ERROR:process_reader_win.cc(151)] SuspendThread: Access is denied. (0x5)
[0401/180539.490:ERROR:process_reader_win.cc(151)] SuspendThread: Access is denied. (0x5)
[0401/180539.490:ERROR:process_reader_win.cc(151)] SuspendThread: Access is denied. (0x5)
[0401/180539.490:ERROR:process_reader_win.cc(151)] SuspendThread: Access is denied. (0x5)
[0401/180539.490:ERROR:process_reader_win.cc(151)] SuspendThread: Access is denied. (0x5)
[0401/180539.490:ERROR:process_reader_win.cc(151)] SuspendThread: Access is denied. (0x5)
[0401/180539.490:ERROR:process_reader_win.cc(151)] SuspendThread: Access is denied. (0x5)
[0401/180539.490:ERROR:process_reader_win.cc(151)] SuspendThread: Access is denied. (0x5)
[0401/180539.490:ERROR:process_reader_win.cc(151)] SuspendThread: Access is denied. (0x5)
[0401/180539.490:ERROR:process_reader_win.cc(151)] SuspendThread: Access is denied. (0x5)
[0401/180539.490:ERROR:process_reader_win.cc(151)] SuspendThread: Access is denied. (0x5)
[0401/180539.490:ERROR:process_reader_win.cc(151)] SuspendThread: Access is denied. (0x5)
[0401/180539.490:ERROR:process_reader_win.cc(151)] SuspendThread: Access is denied. (0x5)
[0401/180539.490:ERROR:process_reader_win.cc(151)] SuspendThread: Access is denied. (0x5)
[0401/180539.490:ERROR:process_reader_win.cc(151)] SuspendThread: Access is denied. (0x5)
[0401/180539.490:ERROR:process_reader_win.cc(151)] SuspendThread: Access is denied. (0x5)
[0401/180539.490:ERROR:process_reader_win.cc(151)] SuspendThread: Access is denied. (0x5)
[0401/180539.490:ERROR:process_reader_win.cc(151)] SuspendThread: Access is denied. (0x5)
[0401/180539.490:ERROR:process_reader_win.cc(151)] SuspendThread: Access is denied. (0x5)
[0401/180539.490:ERROR:process_reader_win.cc(151)] SuspendThread: Access is denied. (0x5)
[0401/180539.490:ERROR:process_reader_win.cc(151)] SuspendThread: Access is denied. (0x5)
[0401/180539.490:ERROR:process_reader_win.cc(151)] SuspendThread: Access is denied. (0x5)
[0401/180539.490:ERROR:process_reader_win.cc(151)] SuspendThread: Access is denied. (0x5)
[0401/180539.490:ERROR:process_reader_win.cc(151)] SuspendThread: Access is denied. (0x5)
[0401/180539.490:ERROR:process_reader_win.cc(123)] NtOpenThread: {Access Denied} A process has requested access to an object, but has not been granted those access rights. (0xc0000022)
[0401/180539.490:ERROR:exception_snapshot_win.cc(98)] thread ID 19452 not found in process
[0401/180539.491:ERROR:process_reader_win.cc(151)] SuspendThread: Access is denied. (0x5)
[0401/180539.491:ERROR:process_reader_win.cc(151)] SuspendThread: Access is denied. (0x5)
[0401/180539.497:ERROR:process_reader_win.cc(151)] SuspendThread: Access is denied. (0x5)
[0401/180539.498:ERROR:process_reader_win.cc(151)] SuspendThread: Access is denied. (0x5)
[0401/180539.498:ERROR:process_reader_win.cc(151)] SuspendThread: Access is denied. (0x5)
[0401/180539.498:ERROR:process_reader_win.cc(151)] SuspendThread: Access is denied. (0x5)
[0401/180539.498:ERROR:process_reader_win.cc(151)] SuspendThread: Access is denied. (0x5)
[0401/180539.498:ERROR:process_reader_win.cc(151)] SuspendThread: Access is denied. (0x5)
[0401/180539.498:ERROR:process_reader_win.cc(151)] SuspendThread: Access is denied. (0x5)
[0401/180539.498:ERROR:process_reader_win.cc(151)] SuspendThread: Access is denied. (0x5)
[0401/180539.498:ERROR:process_reader_win.cc(151)] SuspendThread: Access is denied. (0x5)
[0401/180539.498:ERROR:process_reader_win.cc(151)] SuspendThread: Access is denied. (0x5)
[0401/180539.498:ERROR:process_reader_win.cc(151)] SuspendThread: Access is denied. (0x5)
[0401/180539.498:ERROR:process_reader_win.cc(151)] SuspendThread: Access is denied. (0x5)
[0401/180539.498:ERROR:process_reader_win.cc(151)] SuspendThread: Access is denied. (0x5)
[0401/180539.498:ERROR:process_reader_win.cc(151)] SuspendThread: Access is denied. (0x5)
[0401/180539.498:ERROR:process_reader_win.cc(151)] SuspendThread: Access is denied. (0x5)
[0401/180539.498:ERROR:process_reader_win.cc(151)] SuspendThread: Access is denied. (0x5)
[0401/180539.498:ERROR:process_reader_win.cc(151)] SuspendThread: Access is denied. (0x5)
[0401/180539.498:ERROR:process_reader_win.cc(151)] SuspendThread: Access is denied. (0x5)
[0401/180539.498:ERROR:process_reader_win.cc(151)] SuspendThread: Access is denied. (0x5)
[0401/180539.498:ERROR:process_reader_win.cc(151)] SuspendThread: Access is denied. (0x5)
[0401/180539.498:ERROR:process_reader_win.cc(151)] SuspendThread: Access is denied. (0x5)
[0401/180539.498:ERROR:process_reader_win.cc(151)] SuspendThread: Access is denied. (0x5)
[0401/180539.498:ERROR:process_reader_win.cc(151)] SuspendThread: Access is denied. (0x5)
[0401/180539.498:ERROR:process_reader_win.cc(151)] SuspendThread: Access is denied. (0x5)
[0401/180539.498:ERROR:process_reader_win.cc(151)] SuspendThread: Access is denied. (0x5)
[0401/180539.498:ERROR:process_reader_win.cc(151)] SuspendThread: Access is denied. (0x5)
[0401/180539.498:ERROR:process_reader_win.cc(123)] NtOpenThread: {Access Denied} A process has requested access to an object, but has not been granted those access rights. (0xc0000022)
[0401/180539.498:ERROR:exception_snapshot_win.cc(98)] thread ID 14180 not found in process
[0401/180539.501:ERROR:process_reader_win.cc(151)] SuspendThread: Access is denied. (0x5)
[0401/180539.501:ERROR:process_reader_win.cc(151)] SuspendThread: Access is denied. (0x5)
[0401/180539.501:ERROR:process_reader_win.cc(151)] SuspendThread: Access is denied. (0x5)
[0401/180539.501:ERROR:process_reader_win.cc(123)] NtOpenThread: {Access Denied} A process has requested access to an object, but has not been granted those access rights. (0xc0000022)
[0401/180539.501:ERROR:exception_snapshot_win.cc(98)] thread ID 14848 not found in process
[0401/180539.489:ERROR:process_reader_win.cc(151)] SuspendThread: Access is denied. (0x5)
[0401/180539.503:ERROR:process_reader_win.cc(151)] SuspendThread: Access is denied. (0x5)
[0401/180539.503:ERROR:process_reader_win.cc(151)] SuspendThread: Access is denied. (0x5)
[0401/180539.503:ERROR:process_reader_win.cc(151)] SuspendThread: Access is denied. (0x5)
[0401/180539.503:ERROR:process_reader_win.cc(151)] SuspendThread: Access is denied. (0x5)
[0401/180539.503:ERROR:process_reader_win.cc(151)] SuspendThread: Access is denied. (0x5)
[0401/180539.503:ERROR:process_reader_win.cc(151)] SuspendThread: Access is denied. (0x5)
[0401/180539.504:ERROR:process_reader_win.cc(151)] SuspendThread: Access is denied. (0x5)
[0401/180539.504:ERROR:process_reader_win.cc(151)] SuspendThread: Access is denied. (0x5)
[0401/180539.504:ERROR:process_reader_win.cc(151)] SuspendThread: Access is denied. (0x5)
[0401/180539.504:ERROR:process_reader_win.cc(151)] SuspendThread: Access is denied. (0x5)
[0401/180539.504:ERROR:process_reader_win.cc(151)] SuspendThread: Access is denied. (0x5)
[0401/180539.504:ERROR:process_reader_win.cc(151)] SuspendThread: Access is denied. (0x5)
[0401/180539.504:ERROR:process_reader_win.cc(151)] SuspendThread: Access is denied. (0x5)
[0401/180539.504:ERROR:process_reader_win.cc(151)] SuspendThread: Access is denied. (0x5)
[0401/180539.504:ERROR:process_reader_win.cc(151)] SuspendThread: Access is denied. (0x5)
[0401/180539.504:ERROR:process_reader_win.cc(151)] SuspendThread: Access is denied. (0x5)
[0401/180539.504:ERROR:process_reader_win.cc(151)] SuspendThread: Access is denied. (0x5)
[0401/180539.504:ERROR:process_reader_win.cc(151)] SuspendThread: Access is denied. (0x5)
[0401/180539.504:ERROR:process_reader_win.cc(151)] SuspendThread: Access is denied. (0x5)
[0401/180539.504:ERROR:process_reader_win.cc(151)] SuspendThread: Access is denied. (0x5)
[0401/180539.504:ERROR:process_reader_win.cc(151)] SuspendThread: Access is denied. (0x5)
[0401/180539.504:ERROR:process_reader_win.cc(151)] SuspendThread: Access is denied. (0x5)
[0401/180539.504:ERROR:process_reader_win.cc(151)] SuspendThread: Access is denied. (0x5)
[0401/180539.504:ERROR:process_reader_win.cc(151)] SuspendThread: Access is denied. (0x5)
[0401/180539.504:ERROR:process_reader_win.cc(151)] SuspendThread: Access is denied. (0x5)
[0401/180539.504:ERROR:process_reader_win.cc(123)] NtOpenThread: {Access Denied} A process has requested access to an object, but has not been granted those access rights. (0xc0000022)
[0401/180539.504:ERROR:exception_snapshot_win.cc(98)] thread ID 20516 not found in process
[0401/182041.291:ERROR:process_reader_win.cc(151)] SuspendThread: Access is denied. (0x5)
[0401/182041.292:ERROR:process_reader_win.cc(151)] SuspendThread: Access is denied. (0x5)
[0401/182041.292:ERROR:process_reader_win.cc(151)] SuspendThread: Access is denied. (0x5)
[0401/182041.292:ERROR:process_reader_win.cc(151)] SuspendThread: Access is denied. (0x5)
[0401/182041.292:ERROR:process_reader_win.cc(151)] SuspendThread: Access is denied. (0x5)
[0401/182041.292:ERROR:process_reader_win.cc(151)] SuspendThread: Access is denied. (0x5)
[0401/182041.292:ERROR:process_reader_win.cc(151)] SuspendThread: Access is denied. (0x5)
[0401/182041.292:ERROR:process_reader_win.cc(151)] SuspendThread: Access is denied. (0x5)
[0401/182041.292:ERROR:process_reader_win.cc(151)] SuspendThread: Access is denied. (0x5)
[0401/182041.292:ERROR:process_reader_win.cc(151)] SuspendThread: Access is denied. (0x5)
[0401/182041.292:ERROR:process_reader_win.cc(151)] SuspendThread: Access is denied. (0x5)
[0401/182041.292:ERROR:process_reader_win.cc(151)] SuspendThread: Access is denied. (0x5)
[0401/182041.292:ERROR:process_reader_win.cc(123)] NtOpenThread: {Access Denied} A process has requested access to an object, but has not been granted those access rights. (0xc0000022)
[0401/182041.293:ERROR:exception_snapshot_win.cc(98)] thread ID 19100 not found in process
[0401/182041.291:ERROR:process_reader_win.cc(151)] SuspendThread: Access is denied. (0x5)
[0401/182041.293:ERROR:process_reader_win.cc(151)] SuspendThread: Access is denied. (0x5)
[0401/182041.293:ERROR:process_reader_win.cc(151)] SuspendThread: Access is denied. (0x5)
[0401/182041.293:ERROR:process_reader_win.cc(151)] SuspendThread: Access is denied. (0x5)
[0401/182041.293:ERROR:process_reader_win.cc(151)] SuspendThread: Access is denied. (0x5)
[0401/182041.293:ERROR:process_reader_win.cc(151)] SuspendThread: Access is denied. (0x5)
[0401/182041.294:ERROR:process_reader_win.cc(151)] SuspendThread: Access is denied. (0x5)
[0401/182041.294:ERROR:process_reader_win.cc(151)] SuspendThread: Access is denied. (0x5)
[0401/182041.294:ERROR:process_reader_win.cc(151)] SuspendThread: Access is denied. (0x5)
[0401/182041.294:ERROR:process_reader_win.cc(151)] SuspendThread: Access is denied. (0x5)
[0401/182041.294:ERROR:process_reader_win.cc(151)] SuspendThread: Access is denied. (0x5)
[0401/182041.294:ERROR:process_reader_win.cc(123)] NtOpenThread: {Access Denied} A process has requested access to an object, but has not been granted those access rights. (0xc0000022)
[0401/182041.294:ERROR:exception_snapshot_win.cc(98)] thread ID 23968 not found in process
[0401/182041.304:ERROR:process_reader_win.cc(151)] SuspendThread: Access is denied. (0x5)
[0401/182041.305:ERROR:process_reader_win.cc(151)] SuspendThread: Access is denied. (0x5)
[0401/182041.305:ERROR:process_reader_win.cc(151)] SuspendThread: Access is denied. (0x5)
[0401/182041.305:ERROR:process_reader_win.cc(151)] SuspendThread: Access is denied. (0x5)
[0401/182041.305:ERROR:process_reader_win.cc(151)] SuspendThread: Access is denied. (0x5)
[0401/182041.305:ERROR:process_reader_win.cc(151)] SuspendThread: Access is denied. (0x5)
[0401/182041.305:ERROR:process_reader_win.cc(151)] SuspendThread: Access is denied. (0x5)
[0401/182041.305:ERROR:process_reader_win.cc(151)] SuspendThread: Access is denied. (0x5)
[0401/182041.305:ERROR:process_reader_win.cc(151)] SuspendThread: Access is denied. (0x5)
[0401/182041.305:ERROR:process_reader_win.cc(151)] SuspendThread: Access is denied. (0x5)
[0401/182041.305:ERROR:process_reader_win.cc(151)] SuspendThread: Access is denied. (0x5)
[0401/182041.305:ERROR:process_reader_win.cc(151)] SuspendThread: Access is denied. (0x5)
[0401/182041.305:ERROR:process_reader_win.cc(151)] SuspendThread: Access is denied. (0x5)
[0401/182041.305:ERROR:process_reader_win.cc(151)] SuspendThread: Access is denied. (0x5)
[0401/182041.305:ERROR:process_reader_win.cc(151)] SuspendThread: Access is denied. (0x5)
[0401/182041.305:ERROR:process_reader_win.cc(151)] SuspendThread: Access is denied. (0x5)
[0401/182041.305:ERROR:process_reader_win.cc(151)] SuspendThread: Access is denied. (0x5)
[0401/182041.305:ERROR:process_reader_win.cc(151)] SuspendThread: Access is denied. (0x5)
[0401/182041.305:ERROR:process_reader_win.cc(151)] SuspendThread: Access is denied. (0x5)
[0401/182041.305:ERROR:process_reader_win.cc(151)] SuspendThread: Access is denied. (0x5)
[0401/182041.305:ERROR:process_reader_win.cc(151)] SuspendThread: Access is denied. (0x5)
[0401/182041.305:ERROR:process_reader_win.cc(151)] SuspendThread: Access is denied. (0x5)
[0401/182041.305:ERROR:process_reader_win.cc(151)] SuspendThread: Access is denied. (0x5)
[0401/182041.305:ERROR:process_reader_win.cc(151)] SuspendThread: Access is denied. (0x5)
[0401/182041.305:ERROR:process_reader_win.cc(151)] SuspendThread: Access is denied. (0x5)
[0401/182041.305:ERROR:process_reader_win.cc(151)] SuspendThread: Access is denied. (0x5)
[0401/182041.305:ERROR:process_reader_win.cc(123)] NtOpenThread: {Access Denied} A process has requested access to an object, but has not been granted those access rights. (0xc0000022)
[0401/182041.306:ERROR:exception_snapshot_win.cc(98)] thread ID 26556 not found in process
[0401/182041.311:ERROR:process_reader_win.cc(151)] SuspendThread: Access is denied. (0x5)
[0401/182041.311:ERROR:process_reader_win.cc(151)] SuspendThread: Access is denied. (0x5)
[0401/182041.311:ERROR:process_reader_win.cc(151)] SuspendThread: Access is denied. (0x5)
[0401/182041.311:ERROR:process_reader_win.cc(151)] SuspendThread: Access is denied. (0x5)
[0401/182041.311:ERROR:process_reader_win.cc(151)] SuspendThread: Access is denied. (0x5)
[0401/182041.311:ERROR:process_reader_win.cc(151)] SuspendThread: Access is denied. (0x5)
[0401/182041.311:ERROR:process_reader_win.cc(151)] SuspendThread: Access is denied. (0x5)
[0401/182041.311:ERROR:process_reader_win.cc(151)] SuspendThread: Access is denied. (0x5)
[0401/182041.311:ERROR:process_reader_win.cc(151)] SuspendThread: Access is denied. (0x5)
[0401/182041.311:ERROR:process_reader_win.cc(151)] SuspendThread: Access is denied. (0x5)
[0401/182041.311:ERROR:process_reader_win.cc(151)] SuspendThread: Access is denied. (0x5)
[0401/182041.311:ERROR:process_reader_win.cc(151)] SuspendThread: Access is denied. (0x5)
[0401/182041.311:ERROR:process_reader_win.cc(151)] SuspendThread: Access is denied. (0x5)
[0401/182041.311:ERROR:process_reader_win.cc(151)] SuspendThread: Access is denied. (0x5)
[0401/182041.311:ERROR:process_reader_win.cc(151)] SuspendThread: Access is denied. (0x5)
[0401/182041.311:ERROR:process_reader_win.cc(151)] SuspendThread: Access is denied. (0x5)
[0401/182041.311:ERROR:process_reader_win.cc(151)] SuspendThread: Access is denied. (0x5)
[0401/182041.311:ERROR:process_reader_win.cc(151)] SuspendThread: Access is denied. (0x5)
[0401/182041.311:ERROR:process_reader_win.cc(151)] SuspendThread: Access is denied. (0x5)
[0401/182041.311:ERROR:process_reader_win.cc(151)] SuspendThread: Access is denied. (0x5)
[0401/182041.311:ERROR:process_reader_win.cc(151)] SuspendThread: Access is denied. (0x5)
[0401/182041.311:ERROR:process_reader_win.cc(151)] SuspendThread: Access is denied. (0x5)
[0401/182041.311:ERROR:process_reader_win.cc(151)] SuspendThread: Access is denied. (0x5)
[0401/182041.311:ERROR:process_reader_win.cc(151)] SuspendThread: Access is denied. (0x5)
[0401/182041.311:ERROR:process_reader_win.cc(151)] SuspendThread: Access is denied. (0x5)
[0401/182041.311:ERROR:process_reader_win.cc(151)] SuspendThread: Access is denied. (0x5)
[0401/182041.311:ERROR:process_reader_win.cc(151)] SuspendThread: Access is denied. (0x5)
[0401/182041.311:ERROR:process_reader_win.cc(151)] SuspendThread: Access is denied. (0x5)
[0401/182041.311:ERROR:process_reader_win.cc(151)] SuspendThread: Access is denied. (0x5)
[0401/182041.311:ERROR:process_reader_win.cc(151)] SuspendThread: Access is denied. (0x5)
[0401/182041.311:ERROR:process_reader_win.cc(151)] SuspendThread: Access is denied. (0x5)
[0401/182041.311:ERROR:process_reader_win.cc(151)] SuspendThread: Access is denied. (0x5)
[0401/182041.311:ERROR:process_reader_win.cc(151)] SuspendThread: Access is denied. (0x5)
[0401/182041.311:ERROR:process_reader_win.cc(151)] SuspendThread: Access is denied. (0x5)
[0401/182041.311:ERROR:process_reader_win.cc(151)] SuspendThread: Access is denied. (0x5)
[0401/182041.311:ERROR:process_reader_win.cc(151)] SuspendThread: Access is denied. (0x5)
[0401/182041.311:ERROR:process_reader_win.cc(151)] SuspendThread: Access is denied. (0x5)
[0401/182041.311:ERROR:process_reader_win.cc(151)] SuspendThread: Access is denied. (0x5)
[0401/182041.311:ERROR:process_reader_win.cc(151)] SuspendThread: Access is denied. (0x5)
[0401/182041.311:ERROR:process_reader_win.cc(151)] SuspendThread: Access is denied. (0x5)
[0401/182041.311:ERROR:process_reader_win.cc(151)] SuspendThread: Access is denied. (0x5)
[0401/182041.311:ERROR:process_reader_win.cc(151)] SuspendThread: Access is denied. (0x5)
[0401/182041.311:ERROR:process_reader_win.cc(151)] SuspendThread: Access is denied. (0x5)
[0401/182041.311:ERROR:process_reader_win.cc(151)] SuspendThread: Access is denied. (0x5)
[0401/182041.311:ERROR:process_reader_win.cc(151)] SuspendThread: Access is denied. (0x5)
[0401/182041.311:ERROR:process_reader_win.cc(151)] SuspendThread: Access is denied. (0x5)
[0401/182041.311:ERROR:process_reader_win.cc(151)] SuspendThread: Access is denied. (0x5)
[0401/182041.311:ERROR:process_reader_win.cc(151)] SuspendThread: Access is denied. (0x5)
[0401/182041.311:ERROR:process_reader_win.cc(123)] NtOpenThread: {Access Denied} A process has requested access to an object, but has not been granted those access rights. (0xc0000022)
[0401/182041.311:ERROR:process_reader_win.cc(151)] SuspendThread: Access is denied. (0x5)
[0401/182041.311:ERROR:exception_snapshot_win.cc(98)] thread ID 20648 not found in process
[0401/182041.311:ERROR:process_reader_win.cc(151)] SuspendThread: Access is denied. (0x5)
[0401/182041.311:ERROR:process_reader_win.cc(151)] SuspendThread: Access is denied. (0x5)
[0401/182041.312:ERROR:process_reader_win.cc(151)] SuspendThread: Access is denied. (0x5)
[0401/182041.312:ERROR:process_reader_win.cc(123)] NtOpenThread: {Access Denied} A process has requested access to an object, but has not been granted those access rights. (0xc0000022)
[0401/182041.312:ERROR:exception_snapshot_win.cc(98)] thread ID 14948 not found in process
[0401/182041.317:ERROR:process_reader_win.cc(151)] SuspendThread: Access is denied. (0x5)
[0401/182041.317:ERROR:process_reader_win.cc(151)] SuspendThread: Access is denied. (0x5)
[0401/182041.317:ERROR:process_reader_win.cc(151)] SuspendThread: Access is denied. (0x5)
[0401/182041.317:ERROR:process_reader_win.cc(123)] NtOpenThread: {Access Denied} A process has requested access to an object, but has not been granted those access rights. (0xc0000022)
[0401/182041.317:ERROR:exception_snapshot_win.cc(98)] thread ID 23992 not found in process
[0401/182041.291:ERROR:process_reader_win.cc(151)] SuspendThread: Access is denied. (0x5)
[0401/182041.320:ERROR:process_reader_win.cc(151)] SuspendThread: Access is denied. (0x5)
[0401/182041.320:ERROR:process_reader_win.cc(151)] SuspendThread: Access is denied. (0x5)
[0401/182041.320:ERROR:process_reader_win.cc(151)] SuspendThread: Access is denied. (0x5)
[0401/182041.320:ERROR:process_reader_win.cc(151)] SuspendThread: Access is denied. (0x5)
[0401/182041.320:ERROR:process_reader_win.cc(151)] SuspendThread: Access is denied. (0x5)
[0401/182041.320:ERROR:process_reader_win.cc(151)] SuspendThread: Access is denied. (0x5)
[0401/182041.320:ERROR:process_reader_win.cc(151)] SuspendThread: Access is denied. (0x5)
[0401/182041.320:ERROR:process_reader_win.cc(151)] SuspendThread: Access is denied. (0x5)
[0401/182041.320:ERROR:process_reader_win.cc(151)] SuspendThread: Access is denied. (0x5)
[0401/182041.320:ERROR:process_reader_win.cc(151)] SuspendThread: Access is denied. (0x5)
[0401/182041.320:ERROR:process_reader_win.cc(151)] SuspendThread: Access is denied. (0x5)
[0401/182041.320:ERROR:process_reader_win.cc(123)] NtOpenThread: {Access Denied} A process has requested access to an object, but has not been granted those access rights. (0xc0000022)
[0401/182041.321:ERROR:exception_snapshot_win.cc(98)] thread ID 7192 not found in process
[0401/182041.338:ERROR:process_reader_win.cc(151)] SuspendThread: Access is denied. (0x5)
[0401/182041.338:ERROR:process_reader_win.cc(151)] SuspendThread: Access is denied. (0x5)
[0401/182041.338:ERROR:process_reader_win.cc(151)] SuspendThread: Access is denied. (0x5)
[0401/182041.338:ERROR:process_reader_win.cc(151)] SuspendThread: Access is denied. (0x5)
[0401/182041.338:ERROR:process_reader_win.cc(151)] SuspendThread: Access is denied. (0x5)
[0401/182041.338:ERROR:process_reader_win.cc(151)] SuspendThread: Access is denied. (0x5)
[0401/182041.338:ERROR:process_reader_win.cc(123)] NtOpenThread: {Access Denied} A process has requested access to an object, but has not been granted those access rights. (0xc0000022)
[0401/182041.338:ERROR:exception_snapshot_win.cc(98)] thread ID 19760 not found in process
[0401/182217.163:ERROR:process_reader_win.cc(151)] SuspendThread: Access is denied. (0x5)
[0401/182217.164:ERROR:process_reader_win.cc(151)] SuspendThread: Access is denied. (0x5)
[0401/182217.164:ERROR:process_reader_win.cc(151)] SuspendThread: Access is denied. (0x5)
[0401/182217.164:ERROR:process_reader_win.cc(151)] SuspendThread: Access is denied. (0x5)
[0401/182217.164:ERROR:process_reader_win.cc(151)] SuspendThread: Access is denied. (0x5)
[0401/182217.164:ERROR:process_reader_win.cc(151)] SuspendThread: Access is denied. (0x5)
[0401/182217.164:ERROR:process_reader_win.cc(151)] SuspendThread: Access is denied. (0x5)
[0401/182217.164:ERROR:process_reader_win.cc(151)] SuspendThread: Access is denied. (0x5)
[0401/182217.164:ERROR:process_reader_win.cc(151)] SuspendThread: Access is denied. (0x5)
[0401/182217.164:ERROR:process_reader_win.cc(151)] SuspendThread: Access is denied. (0x5)
[0401/182217.164:ERROR:process_reader_win.cc(151)] SuspendThread: Access is denied. (0x5)
[0401/182217.164:ERROR:process_reader_win.cc(151)] SuspendThread: Access is denied. (0x5)
[0401/182217.164:ERROR:process_reader_win.cc(151)] SuspendThread: Access is denied. (0x5)
[0401/182217.164:ERROR:process_reader_win.cc(123)] NtOpenThread: {Access Denied} A process has requested access to an object, but has not been granted those access rights. (0xc0000022)
[0401/182217.165:ERROR:exception_snapshot_win.cc(98)] thread ID 17820 not found in process
[0401/182217.164:ERROR:process_reader_win.cc(151)] SuspendThread: Access is denied. (0x5)
[0401/182217.170:ERROR:process_reader_win.cc(151)] SuspendThread: Access is denied. (0x5)
[0401/182217.170:ERROR:process_reader_win.cc(151)] SuspendThread: Access is denied. (0x5)
[0401/182217.170:ERROR:process_reader_win.cc(151)] SuspendThread: Access is denied. (0x5)
[0401/182217.170:ERROR:process_reader_win.cc(151)] SuspendThread: Access is denied. (0x5)
[0401/182217.170:ERROR:process_reader_win.cc(151)] SuspendThread: Access is denied. (0x5)
[0401/182217.170:ERROR:process_reader_win.cc(151)] SuspendThread: Access is denied. (0x5)
[0401/182217.170:ERROR:process_reader_win.cc(151)] SuspendThread: Access is denied. (0x5)
[0401/182217.170:ERROR:process_reader_win.cc(151)] SuspendThread: Access is denied. (0x5)
[0401/182217.170:ERROR:process_reader_win.cc(151)] SuspendThread: Access is denied. (0x5)
[0401/182217.170:ERROR:process_reader_win.cc(151)] SuspendThread: Access is denied. (0x5)
[0401/182217.170:ERROR:process_reader_win.cc(123)] NtOpenThread: {Access Denied} A process has requested access to an object, but has not been granted those access rights. (0xc0000022)
[0401/182217.170:ERROR:exception_snapshot_win.cc(98)] thread ID 16640 not found in process
[0401/182217.164:ERROR:process_reader_win.cc(151)] SuspendThread: Access is denied. (0x5)
[0401/182217.171:ERROR:process_reader_win.cc(151)] SuspendThread: Access is denied. (0x5)
[0401/182217.171:ERROR:process_reader_win.cc(151)] SuspendThread: Access is denied. (0x5)
[0401/182217.171:ERROR:process_reader_win.cc(151)] SuspendThread: Access is denied. (0x5)
[0401/182217.171:ERROR:process_reader_win.cc(151)] SuspendThread: Access is denied. (0x5)
[0401/182217.171:ERROR:process_reader_win.cc(151)] SuspendThread: Access is denied. (0x5)
[0401/182217.171:ERROR:process_reader_win.cc(151)] SuspendThread: Access is denied. (0x5)
[0401/182217.171:ERROR:process_reader_win.cc(151)] SuspendThread: Access is denied. (0x5)
[0401/182217.171:ERROR:process_reader_win.cc(151)] SuspendThread: Access is denied. (0x5)
[0401/182217.171:ERROR:process_reader_win.cc(151)] SuspendThread: Access is denied. (0x5)
[0401/182217.171:ERROR:process_reader_win.cc(151)] SuspendThread: Access is denied. (0x5)
[0401/182217.171:ERROR:process_reader_win.cc(123)] NtOpenThread: {Access Denied} A process has requested access to an object, but has not been granted those access rights. (0xc0000022)
[0401/182217.171:ERROR:exception_snapshot_win.cc(98)] thread ID 25736 not found in process
[0401/182217.173:ERROR:process_reader_win.cc(151)] SuspendThread: Access is denied. (0x5)
[0401/182217.174:ERROR:process_reader_win.cc(151)] SuspendThread: Access is denied. (0x5)
[0401/182217.174:ERROR:process_reader_win.cc(151)] SuspendThread: Access is denied. (0x5)
[0401/182217.174:ERROR:process_reader_win.cc(151)] SuspendThread: Access is denied. (0x5)
[0401/182217.174:ERROR:process_reader_win.cc(151)] SuspendThread: Access is denied. (0x5)
[0401/182217.174:ERROR:process_reader_win.cc(151)] SuspendThread: Access is denied. (0x5)
[0401/182217.174:ERROR:process_reader_win.cc(151)] SuspendThread: Access is denied. (0x5)
[0401/182217.174:ERROR:process_reader_win.cc(151)] SuspendThread: Access is denied. (0x5)
[0401/182217.174:ERROR:process_reader_win.cc(151)] SuspendThread: Access is denied. (0x5)
[0401/182217.174:ERROR:process_reader_win.cc(151)] SuspendThread: Access is denied. (0x5)
[0401/182217.174:ERROR:process_reader_win.cc(151)] SuspendThread: Access is denied. (0x5)
[0401/182217.174:ERROR:process_reader_win.cc(151)] SuspendThread: Access is denied. (0x5)
[0401/182217.174:ERROR:process_reader_win.cc(151)] SuspendThread: Access is denied. (0x5)
[0401/182217.174:ERROR:process_reader_win.cc(151)] SuspendThread: Access is denied. (0x5)
[0401/182217.174:ERROR:process_reader_win.cc(151)] SuspendThread: Access is denied. (0x5)
[0401/182217.174:ERROR:process_reader_win.cc(151)] SuspendThread: Access is denied. (0x5)
[0401/182217.174:ERROR:process_reader_win.cc(151)] SuspendThread: Access is denied. (0x5)
[0401/182217.174:ERROR:process_reader_win.cc(151)] SuspendThread: Access is denied. (0x5)
[0401/182217.174:ERROR:process_reader_win.cc(151)] SuspendThread: Access is denied. (0x5)
[0401/182217.174:ERROR:process_reader_win.cc(151)] SuspendThread: Access is denied. (0x5)
[0401/182217.174:ERROR:process_reader_win.cc(151)] SuspendThread: Access is denied. (0x5)
[0401/182217.175:ERROR:process_reader_win.cc(151)] SuspendThread: Access is denied. (0x5)
[0401/182217.175:ERROR:process_reader_win.cc(151)] SuspendThread: Access is denied. (0x5)
[0401/182217.175:ERROR:process_reader_win.cc(151)] SuspendThread: Access is denied. (0x5)
[0401/182217.175:ERROR:process_reader_win.cc(151)] SuspendThread: Access is denied. (0x5)
[0401/182217.175:ERROR:process_reader_win.cc(151)] SuspendThread: Access is denied. (0x5)
[0401/182217.175:ERROR:process_reader_win.cc(123)] NtOpenThread: {Access Denied} A process has requested access to an object, but has not been granted those access rights. (0xc0000022)
[0401/182217.175:ERROR:exception_snapshot_win.cc(98)] thread ID 19100 not found in process
[0401/182217.182:ERROR:process_reader_win.cc(151)] SuspendThread: Access is denied. (0x5)
[0401/182217.182:ERROR:process_reader_win.cc(151)] SuspendThread: Access is denied. (0x5)
[0401/182217.182:ERROR:process_reader_win.cc(151)] SuspendThread: Access is denied. (0x5)
[0401/182217.182:ERROR:process_reader_win.cc(151)] SuspendThread: Access is denied. (0x5)
[0401/182217.182:ERROR:process_reader_win.cc(151)] SuspendThread: Access is denied. (0x5)
[0401/182217.182:ERROR:process_reader_win.cc(151)] SuspendThread: Access is denied. (0x5)
[0401/182217.182:ERROR:process_reader_win.cc(151)] SuspendThread: Access is denied. (0x5)
[0401/182217.182:ERROR:process_reader_win.cc(151)] SuspendThread: Access is denied. (0x5)
[0401/182217.182:ERROR:process_reader_win.cc(151)] SuspendThread: Access is denied. (0x5)
[0401/182217.182:ERROR:process_reader_win.cc(151)] SuspendThread: Access is denied. (0x5)
[0401/182217.182:ERROR:process_reader_win.cc(151)] SuspendThread: Access is denied. (0x5)
[0401/182217.182:ERROR:process_reader_win.cc(151)] SuspendThread: Access is denied. (0x5)
[0401/182217.182:ERROR:process_reader_win.cc(151)] SuspendThread: Access is denied. (0x5)
[0401/182217.182:ERROR:process_reader_win.cc(151)] SuspendThread: Access is denied. (0x5)
[0401/182217.182:ERROR:process_reader_win.cc(151)] SuspendThread: Access is denied. (0x5)
[0401/182217.182:ERROR:process_reader_win.cc(151)] SuspendThread: Access is denied. (0x5)
[0401/182217.182:ERROR:process_reader_win.cc(151)] SuspendThread: Access is denied. (0x5)
[0401/182217.182:ERROR:process_reader_win.cc(151)] SuspendThread: Access is denied. (0x5)
[0401/182217.182:ERROR:process_reader_win.cc(151)] SuspendThread: Access is denied. (0x5)
[0401/182217.182:ERROR:process_reader_win.cc(151)] SuspendThread: Access is denied. (0x5)
[0401/182217.182:ERROR:process_reader_win.cc(151)] SuspendThread: Access is denied. (0x5)
[0401/182217.182:ERROR:process_reader_win.cc(151)] SuspendThread: Access is denied. (0x5)
[0401/182217.182:ERROR:process_reader_win.cc(151)] SuspendThread: Access is denied. (0x5)
[0401/182217.182:ERROR:process_reader_win.cc(151)] SuspendThread: Access is denied. (0x5)
[0401/182217.182:ERROR:process_reader_win.cc(151)] SuspendThread: Access is denied. (0x5)
[0401/182217.182:ERROR:process_reader_win.cc(151)] SuspendThread: Access is denied. (0x5)
[0401/182217.182:ERROR:process_reader_win.cc(151)] SuspendThread: Access is denied. (0x5)
[0401/182217.182:ERROR:process_reader_win.cc(123)] NtOpenThread: {Access Denied} A process has requested access to an object, but has not been granted those access rights. (0xc0000022)
[0401/182217.182:ERROR:exception_snapshot_win.cc(98)] thread ID 26556 not found in process
[0401/182217.187:ERROR:process_reader_win.cc(151)] SuspendThread: Access is denied. (0x5)
[0401/182217.187:ERROR:process_reader_win.cc(151)] SuspendThread: Access is denied. (0x5)
[0401/182217.187:ERROR:process_reader_win.cc(151)] SuspendThread: Access is denied. (0x5)
[0401/182217.187:ERROR:process_reader_win.cc(151)] SuspendThread: Access is denied. (0x5)
[0401/182217.187:ERROR:process_reader_win.cc(151)] SuspendThread: Access is denied. (0x5)
[0401/182217.187:ERROR:process_reader_win.cc(151)] SuspendThread: Access is denied. (0x5)
[0401/182217.187:ERROR:process_reader_win.cc(151)] SuspendThread: Access is denied. (0x5)
[0401/182217.187:ERROR:process_reader_win.cc(151)] SuspendThread: Access is denied. (0x5)
[0401/182217.187:ERROR:process_reader_win.cc(151)] SuspendThread: Access is denied. (0x5)
[0401/182217.187:ERROR:process_reader_win.cc(151)] SuspendThread: Access is denied. (0x5)
[0401/182217.188:ERROR:process_reader_win.cc(151)] SuspendThread: Access is denied. (0x5)
[0401/182217.188:ERROR:process_reader_win.cc(151)] SuspendThread: Access is denied. (0x5)
[0401/182217.188:ERROR:process_reader_win.cc(151)] SuspendThread: Access is denied. (0x5)
[0401/182217.188:ERROR:process_reader_win.cc(151)] SuspendThread: Access is denied. (0x5)
[0401/182217.188:ERROR:process_reader_win.cc(151)] SuspendThread: Access is denied. (0x5)
[0401/182217.188:ERROR:process_reader_win.cc(151)] SuspendThread: Access is denied. (0x5)
[0401/182217.188:ERROR:process_reader_win.cc(151)] SuspendThread: Access is denied. (0x5)
[0401/182217.188:ERROR:process_reader_win.cc(151)] SuspendThread: Access is denied. (0x5)
[0401/182217.188:ERROR:process_reader_win.cc(151)] SuspendThread: Access is denied. (0x5)
[0401/182217.188:ERROR:process_reader_win.cc(151)] SuspendThread: Access is denied. (0x5)
[0401/182217.188:ERROR:process_reader_win.cc(151)] SuspendThread: Access is denied. (0x5)
[0401/182217.188:ERROR:process_reader_win.cc(151)] SuspendThread: Access is denied. (0x5)
[0401/182217.188:ERROR:process_reader_win.cc(151)] SuspendThread: Access is denied. (0x5)
[0401/182217.188:ERROR:process_reader_win.cc(151)] SuspendThread: Access is denied. (0x5)
[0401/182217.188:ERROR:process_reader_win.cc(151)] SuspendThread: Access is denied. (0x5)
[0401/182217.188:ERROR:process_reader_win.cc(151)] SuspendThread: Access is denied. (0x5)
[0401/182217.188:ERROR:process_reader_win.cc(151)] SuspendThread: Access is denied. (0x5)
[0401/182217.188:ERROR:process_reader_win.cc(151)] SuspendThread: Access is denied. (0x5)
[0401/182217.188:ERROR:process_reader_win.cc(151)] SuspendThread: Access is denied. (0x5)
[0401/182217.188:ERROR:process_reader_win.cc(123)] NtOpenThread: {Access Denied} A process has requested access to an object, but has not been granted those access rights. (0xc0000022)
[0401/182217.188:ERROR:exception_snapshot_win.cc(98)] thread ID 23968 not found in process
[0401/182217.188:ERROR:process_reader_win.cc(151)] SuspendThread: Access is denied. (0x5)
[0401/182217.188:ERROR:process_reader_win.cc(151)] SuspendThread: Access is denied. (0x5)
[0401/182217.188:ERROR:process_reader_win.cc(151)] SuspendThread: Access is denied. (0x5)
[0401/182217.188:ERROR:process_reader_win.cc(151)] SuspendThread: Access is denied. (0x5)
[0401/182217.188:ERROR:process_reader_win.cc(151)] SuspendThread: Access is denied. (0x5)
[0401/182217.188:ERROR:process_reader_win.cc(151)] SuspendThread: Access is denied. (0x5)
[0401/182217.188:ERROR:process_reader_win.cc(151)] SuspendThread: Access is denied. (0x5)
[0401/182217.188:ERROR:process_reader_win.cc(151)] SuspendThread: Access is denied. (0x5)
[0401/182217.188:ERROR:process_reader_win.cc(151)] SuspendThread: Access is denied. (0x5)
[0401/182217.188:ERROR:process_reader_win.cc(151)] SuspendThread: Access is denied. (0x5)
[0401/182217.188:ERROR:process_reader_win.cc(151)] SuspendThread: Access is denied. (0x5)
[0401/182217.188:ERROR:process_reader_win.cc(151)] SuspendThread: Access is denied. (0x5)
[0401/182217.188:ERROR:process_reader_win.cc(151)] SuspendThread: Access is denied. (0x5)
[0401/182217.188:ERROR:process_reader_win.cc(151)] SuspendThread: Access is denied. (0x5)
[0401/182217.188:ERROR:process_reader_win.cc(151)] SuspendThread: Access is denied. (0x5)
[0401/182217.188:ERROR:process_reader_win.cc(151)] SuspendThread: Access is denied. (0x5)
[0401/182217.188:ERROR:process_reader_win.cc(151)] SuspendThread: Access is denied. (0x5)
[0401/182217.188:ERROR:process_reader_win.cc(151)] SuspendThread: Access is denied. (0x5)
[0401/182217.188:ERROR:process_reader_win.cc(151)] SuspendThread: Access is denied. (0x5)
[0401/182217.188:ERROR:process_reader_win.cc(151)] SuspendThread: Access is denied. (0x5)
[0401/182217.188:ERROR:process_reader_win.cc(151)] SuspendThread: Access is denied. (0x5)
[0401/182217.188:ERROR:process_reader_win.cc(151)] SuspendThread: Access is denied. (0x5)
[0401/182217.188:ERROR:process_reader_win.cc(151)] SuspendThread: Access is denied. (0x5)
[0401/182217.188:ERROR:process_reader_win.cc(123)] NtOpenThread: {Access Denied} A process has requested access to an object, but has not been granted those access rights. (0xc0000022)
[0401/182217.188:ERROR:process_reader_win.cc(151)] SuspendThread: Access is denied. (0x5)
[0401/182217.188:ERROR:exception_snapshot_win.cc(98)] thread ID 16844 not found in process
[0401/182217.188:ERROR:process_reader_win.cc(151)] SuspendThread: Access is denied. (0x5)
[0401/182217.188:ERROR:process_reader_win.cc(151)] SuspendThread: Access is denied. (0x5)
[0401/182217.188:ERROR:process_reader_win.cc(151)] SuspendThread: Access is denied. (0x5)
[0401/182217.188:ERROR:process_reader_win.cc(151)] SuspendThread: Access is denied. (0x5)
[0401/182217.188:ERROR:process_reader_win.cc(151)] SuspendThread: Access is denied. (0x5)
[0401/182217.188:ERROR:process_reader_win.cc(151)] SuspendThread: Access is denied. (0x5)
[0401/182217.188:ERROR:process_reader_win.cc(151)] SuspendThread: Access is denied. (0x5)
[0401/182217.188:ERROR:process_reader_win.cc(151)] SuspendThread: Access is denied. (0x5)
[0401/182217.188:ERROR:process_reader_win.cc(151)] SuspendThread: Access is denied. (0x5)
[0401/182217.188:ERROR:process_reader_win.cc(151)] SuspendThread: Access is denied. (0x5)
[0401/182217.188:ERROR:process_reader_win.cc(151)] SuspendThread: Access is denied. (0x5)
[0401/182217.188:ERROR:process_reader_win.cc(151)] SuspendThread: Access is denied. (0x5)
[0401/182217.188:ERROR:process_reader_win.cc(151)] SuspendThread: Access is denied. (0x5)
[0401/182217.189:ERROR:process_reader_win.cc(151)] SuspendThread: Access is denied. (0x5)
[0401/182217.189:ERROR:process_reader_win.cc(123)] NtOpenThread: {Access Denied} A process has requested access to an object, but has not been granted those access rights. (0xc0000022)
[0401/182217.189:ERROR:exception_snapshot_win.cc(98)] thread ID 23092 not found in process
